<?xml version="1.0" encoding="UTF-8"?>
<testsuite xmlns:xsi="http://www.w3.org/2001/XMLSchema-instance" xsi:noNamespaceSchemaLocation="https://maven.apache.org/surefire/maven-surefire-plugin/xsd/surefire-test-report.xsd" version="3.0.2" name="de.fi.tag2_08decider.BestellungsJobTest" time="4.714" tests="4" errors="0" skipped="0" failures="0">
  <properties>
[...]
</properties>
  <testcase name="standardPfadWirdKorrektDurchlaufen" classname="de.fi.tag2_08decider.BestellungsJobTest" time="0.274">
    <system-out><![CDATA[09:19:32.182 [main] INFO org.springframework.test.context.support.AnnotationConfigContextLoaderUtils -- Could not detect default configuration classes for test class [de.fi.tag2_08decider.BestellungsJobTest]: BestellungsJobTest does not declare any static, non-private, non-final, nested classes annotated with @Configuration.
09:19:32.317 [main] INFO org.springframework.boot.test.context.SpringBootTestContextBootstrapper -- Found @SpringBootConfiguration de.fi.tag2_08decider.Tag208DeciderApplication for test class de.fi.tag2_08decider.BestellungsJobTest

  .   ____          _            __ _ _
 /\\ / ___'_ __ _ _(_)_ __  __ _ \ \ \ \
( ( )\___ | '_ | '_| | '_ \/ _` | \ \ \ \
 \\/  ___)| |_)| | | | | || (_| |  ) ) ) )
  '  |____| .__|_| |_|_| |_\__, | / / / /
 =========|_|==============|___/=/_/_/_/

 :: Spring Boot ::               (v3.5.11)

2026-05-05T09:19:32.789+02:00  INFO 70304 --- [           main] d.fi.tag2_08decider.BestellungsJobTest   : Starting BestellungsJobTest using Java 25.0.2 with PID 70304 (started by JoachimWagner in C:\Users\JoachimWagner\Documents\git\FinanzInformatik\fi-spring-batch-februar-2026\Tag2_08Decider)
2026-05-05T09:19:32.790+02:00 DEBUG 70304 --- [           main] d.fi.tag2_08decider.BestellungsJobTest   : Running with Spring Boot v3.5.11, Spring v6.2.16
2026-05-05T09:19:32.790+02:00  INFO 70304 --- [           main] d.fi.tag2_08decider.BestellungsJobTest   : The following 1 profile is active: "h2"
2026-05-05T09:19:36.276+02:00  INFO 70304 --- [           main] d.fi.tag2_08decider.BestellungsJobTest   : Started BestellungsJobTest in 3.812 seconds (process running for 5.032)
2026-05-05T09:19:36.436+02:00  INFO 70304 --- [           main] o.s.b.c.l.s.TaskExecutorJobLauncher      : Job: [FlowJob: [name=bestellungsJob]] launched with the following parameters: [{'kundenTyp':'{value=STANDARD, type=class java.lang.String, identifying=true}','ts':'{value=1777965576359, type=class java.lang.Long, identifying=true}'}]
2026-05-05T09:19:36.467+02:00  INFO 70304 --- [           main] o.s.batch.core.job.SimpleStepHandler     : Executing step: [bestellungErfassenStep]
2026-05-05T09:19:36.474+02:00  INFO 70304 --- [           main] d.f.t.b.t.BestellungErfassenTasklet      : Bestellung erfasst: id=f7ea0b11-e8f7-48b6-94ce-a278b4de3a3f, artikel='Spring-Batch-Fachbuch', betrag=89.99€
2026-05-05T09:19:36.477+02:00 DEBUG 70304 --- [           main] d.f.t.b.t.BestellungErfassenTasklet      : JobExecutionContext befüllt: bestellungId='f7ea0b11-e8f7-48b6-94ce-a278b4de3a3f', artikel='Spring-Batch-Fachbuch', betrag=89.99
2026-05-05T09:19:36.480+02:00  INFO 70304 --- [           main] o.s.batch.core.step.AbstractStep         : Step: [bestellungErfassenStep] executed in 13ms
2026-05-05T09:19:36.487+02:00  INFO 70304 --- [           main] d.f.t.batch.KundenTypDecider             : Decider wertet aus: kundenTyp='STANDARD', betrag=89.99
2026-05-05T09:19:36.487+02:00  INFO 70304 --- [           main] d.f.t.batch.KundenTypDecider             : Standard-Kunde erkannt → Pfad: STANDARD
2026-05-05T09:19:36.493+02:00  INFO 70304 --- [           main] o.s.batch.core.job.SimpleStepHandler     : Executing step: [standardBearbeitungStep]
2026-05-05T09:19:36.497+02:00  INFO 70304 --- [           main] d.f.t.b.t.StandardBearbeitungTasklet     : STANDARD-Verarbeitung: Bestellung f7ea0b11-e8f7-48b6-94ce-a278b4de3a3f — 89.99€ + 5.99€ Versand = 95.98€
2026-05-05T09:19:36.498+02:00  INFO 70304 --- [           main] o.s.batch.core.step.AbstractStep         : Step: [standardBearbeitungStep] executed in 4ms
2026-05-05T09:19:36.504+02:00  INFO 70304 --- [           main] o.s.batch.core.job.SimpleStepHandler     : Executing step: [abschlussQuittierungStep]
2026-05-05T09:19:36.507+02:00  INFO 70304 --- [           main] d.f.t.b.t.AbschlussQuittierungTasklet    : ╔══════════════════════════════════════════════╗
2026-05-05T09:19:36.507+02:00  INFO 70304 --- [           main] d.f.t.b.t.AbschlussQuittierungTasklet    : ║          ABSCHLUSS-QUITTIERUNG               ║
2026-05-05T09:19:36.507+02:00  INFO 70304 --- [           main] d.f.t.b.t.AbschlussQuittierungTasklet    : ╠══════════════════════════════════════════════╣
2026-05-05T09:19:36.508+02:00  INFO 70304 --- [           main] d.f.t.b.t.AbschlussQuittierungTasklet    : ║  Bestellung:    f7ea0b11-e8f7-48b6-94ce-a278b4de3a3f
2026-05-05T09:19:36.508+02:00  INFO 70304 --- [           main] d.f.t.b.t.AbschlussQuittierungTasklet    : ║  Artikel:       Spring-Batch-Fachbuch
2026-05-05T09:19:36.508+02:00  INFO 70304 --- [           main] d.f.t.b.t.AbschlussQuittierungTasklet    : ║  Betrag:        89.99€
2026-05-05T09:19:36.508+02:00  INFO 70304 --- [           main] d.f.t.b.t.AbschlussQuittierungTasklet    : ║  Verarbeitung:  STANDARD
2026-05-05T09:19:36.508+02:00  INFO 70304 --- [           main] d.f.t.b.t.AbschlussQuittierungTasklet    : ╠══════════════════════════════════════════════╣
2026-05-05T09:19:36.508+02:00  INFO 70304 --- [           main] d.f.t.b.t.AbschlussQuittierungTasklet    : ║  Versandkosten: 5.99€
2026-05-05T09:19:36.508+02:00  INFO 70304 --- [           main] d.f.t.b.t.AbschlussQuittierungTasklet    : ║  Endbetrag:     95.98€
2026-05-05T09:19:36.508+02:00  INFO 70304 --- [           main] d.f.t.b.t.AbschlussQuittierungTasklet    : ╚══════════════════════════════════════════════╝
2026-05-05T09:19:36.511+02:00  INFO 70304 --- [           main] o.s.batch.core.step.AbstractStep         : Step: [abschlussQuittierungStep] executed in 6ms
2026-05-05T09:19:36.515+02:00  INFO 70304 --- [           main] o.s.b.c.l.s.TaskExecutorJobLauncher      : Job: [FlowJob: [name=bestellungsJob]] completed with the following parameters: [{'kundenTyp':'{value=STANDARD, type=class java.lang.String, identifying=true}','ts':'{value=1777965576359, type=class java.lang.Long, identifying=true}'}] and the following status: [COMPLETED] in 70ms
]]></system-out>
    <system-err><![CDATA[Mockito is currently self-attaching to enable the inline-mock-maker. This will no longer work in future releases of the JDK. Please add Mockito as an agent to your build as described in Mockito's documentation: https://javadoc.io/doc/org.mockito/mockito-core/latest/org.mockito/org/mockito/Mockito.html#0.3
WARNING: A Java agent has been loaded dynamically (C:\Users\JoachimWagner\.m2\repository\net\bytebuddy\byte-buddy-agent\1.17.8\byte-buddy-agent-1.17.8.jar)
WARNING: If a serviceability tool is in use, please run with -XX:+EnableDynamicAgentLoading to hide this warning
WARNING: If a serviceability tool is not in use, please run with -Djdk.instrument.traceUsage for more information
WARNING: Dynamic loading of agents will be disallowed by default in a future release
]]></system-err>
  </testcase>
  <testcase name="premiumPfadWirdKorrektDurchlaufen" classname="de.fi.tag2_08decider.BestellungsJobTest" time="0.046">
    <system-out><![CDATA[2026-05-05T09:19:36.618+02:00  INFO 70304 --- [           main] o.s.b.c.l.s.TaskExecutorJobLauncher      : Job: [FlowJob: [name=bestellungsJob]] launched with the following parameters: [{'kundenTyp':'{value=PREMIUM, type=class java.lang.String, identifying=true}','ts':'{value=1777965576612, type=class java.lang.Long, identifying=true}'}]
2026-05-05T09:19:36.626+02:00  INFO 70304 --- [           main] o.s.batch.core.job.SimpleStepHandler     : Executing step: [bestellungErfassenStep]
2026-05-05T09:19:36.630+02:00  INFO 70304 --- [           main] d.f.t.b.t.BestellungErfassenTasklet      : Bestellung erfasst: id=ee8c9760-10d5-4276-81da-3432efbd7693, artikel='Spring-Batch-Fachbuch', betrag=89.99€
2026-05-05T09:19:36.630+02:00 DEBUG 70304 --- [           main] d.f.t.b.t.BestellungErfassenTasklet      : JobExecutionContext befüllt: bestellungId='ee8c9760-10d5-4276-81da-3432efbd7693', artikel='Spring-Batch-Fachbuch', betrag=89.99
2026-05-05T09:19:36.631+02:00  INFO 70304 --- [           main] o.s.batch.core.step.AbstractStep         : Step: [bestellungErfassenStep] executed in 5ms
2026-05-05T09:19:36.633+02:00  INFO 70304 --- [           main] d.f.t.batch.KundenTypDecider             : Decider wertet aus: kundenTyp='PREMIUM', betrag=89.99
2026-05-05T09:19:36.635+02:00  INFO 70304 --- [           main] d.f.t.batch.KundenTypDecider             : Premium-Kunde erkannt → Pfad: PREMIUM
2026-05-05T09:19:36.637+02:00  INFO 70304 --- [           main] o.s.batch.core.job.SimpleStepHandler     : Executing step: [premiumRabattStep]
2026-05-05T09:19:36.638+02:00  INFO 70304 --- [           main] d.f.t.b.tasklet.PremiumRabattTasklet     : PREMIUM-Verarbeitung: Bestellung ee8c9760-10d5-4276-81da-3432efbd7693 — 89.99€ − 20% (18.0) = 71.99€
2026-05-05T09:19:36.640+02:00  INFO 70304 --- [           main] o.s.batch.core.step.AbstractStep         : Step: [premiumRabattStep] executed in 3ms
2026-05-05T09:19:36.644+02:00  INFO 70304 --- [           main] o.s.batch.core.job.SimpleStepHandler     : Executing step: [abschlussQuittierungStep]
2026-05-05T09:19:36.646+02:00  INFO 70304 --- [           main] d.f.t.b.t.AbschlussQuittierungTasklet    : ╔══════════════════════════════════════════════╗
2026-05-05T09:19:36.647+02:00  INFO 70304 --- [           main] d.f.t.b.t.AbschlussQuittierungTasklet    : ║          ABSCHLUSS-QUITTIERUNG               ║
2026-05-05T09:19:36.647+02:00  INFO 70304 --- [           main] d.f.t.b.t.AbschlussQuittierungTasklet    : ╠══════════════════════════════════════════════╣
2026-05-05T09:19:36.647+02:00  INFO 70304 --- [           main] d.f.t.b.t.AbschlussQuittierungTasklet    : ║  Bestellung:    ee8c9760-10d5-4276-81da-3432efbd7693
2026-05-05T09:19:36.647+02:00  INFO 70304 --- [           main] d.f.t.b.t.AbschlussQuittierungTasklet    : ║  Artikel:       Spring-Batch-Fachbuch
2026-05-05T09:19:36.647+02:00  INFO 70304 --- [           main] d.f.t.b.t.AbschlussQuittierungTasklet    : ║  Betrag:        89.99€
2026-05-05T09:19:36.647+02:00  INFO 70304 --- [           main] d.f.t.b.t.AbschlussQuittierungTasklet    : ║  Verarbeitung:  PREMIUM
2026-05-05T09:19:36.647+02:00  INFO 70304 --- [           main] d.f.t.b.t.AbschlussQuittierungTasklet    : ╠══════════════════════════════════════════════╣
2026-05-05T09:19:36.647+02:00  INFO 70304 --- [           main] d.f.t.b.t.AbschlussQuittierungTasklet    : ║  Rabatt (20%):  18.0€
2026-05-05T09:19:36.647+02:00  INFO 70304 --- [           main] d.f.t.b.t.AbschlussQuittierungTasklet    : ║  Endbetrag:     71.99€
2026-05-05T09:19:36.647+02:00  INFO 70304 --- [           main] d.f.t.b.t.AbschlussQuittierungTasklet    : ╚══════════════════════════════════════════════╝
2026-05-05T09:19:36.648+02:00  INFO 70304 --- [           main] o.s.batch.core.step.AbstractStep         : Step: [abschlussQuittierungStep] executed in 3ms
2026-05-05T09:19:36.652+02:00  INFO 70304 --- [           main] o.s.b.c.l.s.TaskExecutorJobLauncher      : Job: [FlowJob: [name=bestellungsJob]] completed with the following parameters: [{'kundenTyp':'{value=PREMIUM, type=class java.lang.String, identifying=true}','ts':'{value=1777965576612, type=class java.lang.Long, identifying=true}'}] and the following status: [COMPLETED] in 31ms
]]></system-out>
  </testcase>
  <testcase name="unbekannterKundenTypRoutetInFehlerPfad" classname="de.fi.tag2_08decider.BestellungsJobTest" time="0.04">
    <system-out><![CDATA[2026-05-05T09:19:36.668+02:00  INFO 70304 --- [           main] o.s.b.c.l.s.TaskExecutorJobLauncher      : Job: [FlowJob: [name=bestellungsJob]] launched with the following parameters: [{'kundenTyp':'{value=UNBEKANNT, type=class java.lang.String, identifying=true}','ts':'{value=1777965576663, type=class java.lang.Long, identifying=true}'}]
2026-05-05T09:19:36.671+02:00  INFO 70304 --- [           main] o.s.batch.core.job.SimpleStepHandler     : Executing step: [bestellungErfassenStep]
2026-05-05T09:19:36.673+02:00  INFO 70304 --- [           main] d.f.t.b.t.BestellungErfassenTasklet      : Bestellung erfasst: id=5a345102-6fca-4ada-853a-334651748e0f, artikel='Spring-Batch-Fachbuch', betrag=89.99€
2026-05-05T09:19:36.674+02:00 DEBUG 70304 --- [           main] d.f.t.b.t.BestellungErfassenTasklet      : JobExecutionContext befüllt: bestellungId='5a345102-6fca-4ada-853a-334651748e0f', artikel='Spring-Batch-Fachbuch', betrag=89.99
2026-05-05T09:19:36.676+02:00  INFO 70304 --- [           main] o.s.batch.core.step.AbstractStep         : Step: [bestellungErfassenStep] executed in 4ms
2026-05-05T09:19:36.678+02:00  INFO 70304 --- [           main] d.f.t.batch.KundenTypDecider             : Decider wertet aus: kundenTyp='UNBEKANNT', betrag=89.99
2026-05-05T09:19:36.678+02:00  WARN 70304 --- [           main] d.f.t.batch.KundenTypDecider             : Unbekannter Kundentyp 'UNBEKANNT' → Pfad: FEHLER (Wildcard)
2026-05-05T09:19:36.681+02:00  INFO 70304 --- [           main] o.s.batch.core.job.SimpleStepHandler     : Executing step: [fehlerBehandlungStep]
2026-05-05T09:19:36.683+02:00  WARN 70304 --- [           main] d.f.t.b.tasklet.FehlerProtokollTasklet   : FEHLER-Behandlung: Bestellung 5a345102-6fca-4ada-853a-334651748e0f — Unbekannter Kundentyp: 'UNBEKANNT'
2026-05-05T09:19:36.684+02:00  INFO 70304 --- [           main] o.s.batch.core.step.AbstractStep         : Step: [fehlerBehandlungStep] executed in 2ms
2026-05-05T09:19:36.688+02:00  INFO 70304 --- [           main] o.s.batch.core.job.SimpleStepHandler     : Executing step: [abschlussQuittierungStep]
2026-05-05T09:19:36.690+02:00  INFO 70304 --- [           main] d.f.t.b.t.AbschlussQuittierungTasklet    : ╔══════════════════════════════════════════════╗
2026-05-05T09:19:36.690+02:00  INFO 70304 --- [           main] d.f.t.b.t.AbschlussQuittierungTasklet    : ║          ABSCHLUSS-QUITTIERUNG               ║
2026-05-05T09:19:36.691+02:00  INFO 70304 --- [           main] d.f.t.b.t.AbschlussQuittierungTasklet    : ╠══════════════════════════════════════════════╣
2026-05-05T09:19:36.691+02:00  INFO 70304 --- [           main] d.f.t.b.t.AbschlussQuittierungTasklet    : ║  Bestellung:    5a345102-6fca-4ada-853a-334651748e0f
2026-05-05T09:19:36.691+02:00  INFO 70304 --- [           main] d.f.t.b.t.AbschlussQuittierungTasklet    : ║  Artikel:       Spring-Batch-Fachbuch
2026-05-05T09:19:36.691+02:00  INFO 70304 --- [           main] d.f.t.b.t.AbschlussQuittierungTasklet    : ║  Betrag:        89.99€
2026-05-05T09:19:36.691+02:00  INFO 70304 --- [           main] d.f.t.b.t.AbschlussQuittierungTasklet    : ║  Verarbeitung:  FEHLER
2026-05-05T09:19:36.691+02:00  INFO 70304 --- [           main] d.f.t.b.t.AbschlussQuittierungTasklet    : ╠══════════════════════════════════════════════╣
2026-05-05T09:19:36.691+02:00  WARN 70304 --- [           main] d.f.t.b.t.AbschlussQuittierungTasklet    : ║  FEHLER:        Unbekannter Kundentyp: 'UNBEKANNT'
2026-05-05T09:19:36.691+02:00  INFO 70304 --- [           main] d.f.t.b.t.AbschlussQuittierungTasklet    : ╚══════════════════════════════════════════════╝
2026-05-05T09:19:36.693+02:00  INFO 70304 --- [           main] o.s.batch.core.step.AbstractStep         : Step: [abschlussQuittierungStep] executed in 4ms
2026-05-05T09:19:36.696+02:00  INFO 70304 --- [           main] o.s.b.c.l.s.TaskExecutorJobLauncher      : Job: [FlowJob: [name=bestellungsJob]] completed with the following parameters: [{'kundenTyp':'{value=UNBEKANNT, type=class java.lang.String, identifying=true}','ts':'{value=1777965576663, type=class java.lang.Long, identifying=true}'}] and the following status: [COMPLETED] in 27ms
]]></system-out>
  </testcase>
  <testcase name="werteWerdenKorrektZwischenStepsUebertragen" classname="de.fi.tag2_08decider.BestellungsJobTest" time="0.04">
    <system-out><![CDATA[2026-05-05T09:19:36.707+02:00  INFO 70304 --- [           main] o.s.b.c.l.s.TaskExecutorJobLauncher      : Job: [FlowJob: [name=bestellungsJob]] launched with the following parameters: [{'kundenTyp':'{value=PREMIUM, type=class java.lang.String, identifying=true}','ts':'{value=1777965576703, type=class java.lang.Long, identifying=true}'}]
2026-05-05T09:19:36.712+02:00  INFO 70304 --- [           main] o.s.batch.core.job.SimpleStepHandler     : Executing step: [bestellungErfassenStep]
2026-05-05T09:19:36.714+02:00  INFO 70304 --- [           main] d.f.t.b.t.BestellungErfassenTasklet      : Bestellung erfasst: id=4a1548bc-22d5-4321-9551-5935cfff55f4, artikel='Spring-Batch-Fachbuch', betrag=89.99€
2026-05-05T09:19:36.715+02:00 DEBUG 70304 --- [           main] d.f.t.b.t.BestellungErfassenTasklet      : JobExecutionContext befüllt: bestellungId='4a1548bc-22d5-4321-9551-5935cfff55f4', artikel='Spring-Batch-Fachbuch', betrag=89.99
2026-05-05T09:19:36.716+02:00  INFO 70304 --- [           main] o.s.batch.core.step.AbstractStep         : Step: [bestellungErfassenStep] executed in 4ms
2026-05-05T09:19:36.718+02:00  INFO 70304 --- [           main] d.f.t.batch.KundenTypDecider             : Decider wertet aus: kundenTyp='PREMIUM', betrag=89.99
2026-05-05T09:19:36.718+02:00  INFO 70304 --- [           main] d.f.t.batch.KundenTypDecider             : Premium-Kunde erkannt → Pfad: PREMIUM
2026-05-05T09:19:36.720+02:00  INFO 70304 --- [           main] o.s.batch.core.job.SimpleStepHandler     : Executing step: [premiumRabattStep]
2026-05-05T09:19:36.721+02:00  INFO 70304 --- [           main] d.f.t.b.tasklet.PremiumRabattTasklet     : PREMIUM-Verarbeitung: Bestellung 4a1548bc-22d5-4321-9551-5935cfff55f4 — 89.99€ − 20% (18.0) = 71.99€
2026-05-05T09:19:36.723+02:00  INFO 70304 --- [           main] o.s.batch.core.step.AbstractStep         : Step: [premiumRabattStep] executed in 2ms
2026-05-05T09:19:36.730+02:00  INFO 70304 --- [           main] o.s.batch.core.job.SimpleStepHandler     : Executing step: [abschlussQuittierungStep]
2026-05-05T09:19:36.731+02:00  INFO 70304 --- [           main] d.f.t.b.t.AbschlussQuittierungTasklet    : ╔══════════════════════════════════════════════╗
2026-05-05T09:19:36.732+02:00  INFO 70304 --- [           main] d.f.t.b.t.AbschlussQuittierungTasklet    : ║          ABSCHLUSS-QUITTIERUNG               ║
2026-05-05T09:19:36.732+02:00  INFO 70304 --- [           main] d.f.t.b.t.AbschlussQuittierungTasklet    : ╠══════════════════════════════════════════════╣
2026-05-05T09:19:36.732+02:00  INFO 70304 --- [           main] d.f.t.b.t.AbschlussQuittierungTasklet    : ║  Bestellung:    4a1548bc-22d5-4321-9551-5935cfff55f4
2026-05-05T09:19:36.732+02:00  INFO 70304 --- [           main] d.f.t.b.t.AbschlussQuittierungTasklet    : ║  Artikel:       Spring-Batch-Fachbuch
2026-05-05T09:19:36.732+02:00  INFO 70304 --- [           main] d.f.t.b.t.AbschlussQuittierungTasklet    : ║  Betrag:        89.99€
2026-05-05T09:19:36.732+02:00  INFO 70304 --- [           main] d.f.t.b.t.AbschlussQuittierungTasklet    : ║  Verarbeitung:  PREMIUM
2026-05-05T09:19:36.732+02:00  INFO 70304 --- [           main] d.f.t.b.t.AbschlussQuittierungTasklet    : ╠══════════════════════════════════════════════╣
2026-05-05T09:19:36.732+02:00  INFO 70304 --- [           main] d.f.t.b.t.AbschlussQuittierungTasklet    : ║  Rabatt (20%):  18.0€
2026-05-05T09:19:36.732+02:00  INFO 70304 --- [           main] d.f.t.b.t.AbschlussQuittierungTasklet    : ║  Endbetrag:     71.99€
2026-05-05T09:19:36.733+02:00  INFO 70304 --- [           main] d.f.t.b.t.AbschlussQuittierungTasklet    : ╚══════════════════════════════════════════════╝
2026-05-05T09:19:36.734+02:00  INFO 70304 --- [           main] o.s.batch.core.step.AbstractStep         : Step: [abschlussQuittierungStep] executed in 3ms
2026-05-05T09:19:36.737+02:00  INFO 70304 --- [           main] o.s.b.c.l.s.TaskExecutorJobLauncher      : Job: [FlowJob: [name=bestellungsJob]] completed with the following parameters: [{'kundenTyp':'{value=PREMIUM, type=class java.lang.String, identifying=true}','ts':'{value=1777965576703, type=class java.lang.Long, identifying=true}'}] and the following status: [COMPLETED] in 28ms
]]></system-out>
  </testcase>
</testsuite>