<?xml version="1.0" encoding="UTF-8"?>
<testsuite xmlns:xsi="http://www.w3.org/2001/XMLSchema-instance" xsi:noNamespaceSchemaLocation="https://maven.apache.org/surefire/maven-surefire-plugin/xsd/surefire-test-report.xsd" version="3.0.2" name="de.fi.tag2_07partitionierer.PartitionJobIntegrationTest" time="5.227" tests="3" errors="0" skipped="0" failures="0">
  <properties>
[...]
</properties>
  <testcase name="jobSollteMitStatusCompletedEnden" classname="de.fi.tag2_07partitionierer.PartitionJobIntegrationTest" time="0.718">
    <system-out><![CDATA[17:21:08.499 [main] INFO org.springframework.test.context.support.AnnotationConfigContextLoaderUtils -- Could not detect default configuration classes for test class [de.fi.tag2_07partitionierer.PartitionJobIntegrationTest]: PartitionJobIntegrationTest does not declare any static, non-private, non-final, nested classes annotated with @Configuration.
17:21:08.605 [main] INFO org.springframework.boot.test.context.SpringBootTestContextBootstrapper -- Found @SpringBootConfiguration de.fi.tag2_07partitionierer.Tag207PartitioniererApplication for test class de.fi.tag2_07partitionierer.PartitionJobIntegrationTest
2026-05-03T17:21:08.962+02:00  INFO 7548 --- [           main] d.f.t.PartitionJobIntegrationTest        : Starting PartitionJobIntegrationTest using Java 25.0.2 with PID 7548 (started by JoachimWagner in C:\Users\JoachimWagner\Documents\git\FinanzInformatik\fi-spring-batch-februar-2026\Tag2_07Partitionierer)
2026-05-03T17:21:08.963+02:00 DEBUG 7548 --- [           main] d.f.t.PartitionJobIntegrationTest        : Running with Spring Boot v3.5.11, Spring v6.2.16
2026-05-03T17:21:08.963+02:00  INFO 7548 --- [           main] d.f.t.PartitionJobIntegrationTest        : No active profile set, falling back to 1 default profile: "default"
2026-05-03T17:21:12.233+02:00  INFO 7548 --- [           main] d.f.t.PartitionJobIntegrationTest        : Started PartitionJobIntegrationTest in 3.515 seconds (process running for 4.377)
2026-05-03T17:21:12.341+02:00  INFO 7548 --- [           main] o.s.b.c.l.s.TaskExecutorJobLauncher      : Job: [SimpleJob: [name=partitionJob]] launched with the following parameters: [{'zeitpunkt':'{value=1777821672287, type=class java.lang.Long, identifying=true}'}]
2026-05-03T17:21:12.365+02:00  INFO 7548 --- [           main] o.s.batch.core.job.SimpleStepHandler     : Executing step: [splitStep]
2026-05-03T17:21:12.375+02:00 DEBUG 7548 --- [           main] d.f.t.batch.tasklet.SplitTasklet         : Geschrieben: chunk_1.csv (250 Datenzeilen)
2026-05-03T17:21:12.377+02:00 DEBUG 7548 --- [           main] d.f.t.batch.tasklet.SplitTasklet         : Geschrieben: chunk_2.csv (250 Datenzeilen)
2026-05-03T17:21:12.378+02:00 DEBUG 7548 --- [           main] d.f.t.batch.tasklet.SplitTasklet         : Geschrieben: chunk_3.csv (250 Datenzeilen)
2026-05-03T17:21:12.379+02:00 DEBUG 7548 --- [           main] d.f.t.batch.tasklet.SplitTasklet         : Geschrieben: chunk_4.csv (250 Datenzeilen)
2026-05-03T17:21:12.379+02:00  INFO 7548 --- [           main] d.f.t.batch.tasklet.SplitTasklet         : Split abgeschlossen: 4 Dateien in C:\Users\JoachimWagner\Documents\git\FinanzInformatik\fi-spring-batch-februar-2026\Tag2_07Partitionierer\work
2026-05-03T17:21:12.382+02:00  INFO 7548 --- [           main] o.s.batch.core.step.AbstractStep         : Step: [splitStep] executed in 15ms
2026-05-03T17:21:12.388+02:00  INFO 7548 --- [           main] o.s.batch.core.job.SimpleStepHandler     : Executing step: [masterStep]
2026-05-03T17:21:12.392+02:00  INFO 7548 --- [           main] d.f.t.batch.StudentPartitioner           : Partitioner erstellt 4 Partitionen
2026-05-03T17:21:12.441+02:00 DEBUG 7548 --- [cTaskExecutor-1] d.f.t.batch.StudentItemProcessor         : Gemappt: Davida Leupold → 9bf25cdc-9109-4911-a8b5-29941bcccae5
2026-05-03T17:21:12.442+02:00 DEBUG 7548 --- [cTaskExecutor-1] d.f.t.batch.StudentItemProcessor         : Gemappt: Cos Jurgensen → 737ab805-f324-4ea2-bf05-8937dbe55450
2026-05-03T17:21:12.443+02:00 DEBUG 7548 --- [cTaskExecutor-1] d.f.t.batch.StudentItemProcessor         : Gemappt: Costa Myers → c3093d5d-a07e-4d4a-a2f4-1e5593be1136
2026-05-03T17:21:12.443+02:00 DEBUG 7548 --- [cTaskExecutor-1] d.f.t.batch.StudentItemProcessor         : Gemappt: Avie Tincknell → 78da4f3a-396e-4a0c-9896-8ae8d0c0643d
2026-05-03T17:21:12.443+02:00 DEBUG 7548 --- [cTaskExecutor-2] d.f.t.batch.StudentItemProcessor         : Gemappt: Dudley Ariss → c712804e-c5d1-4fe9-9f85-bb3468736c9c
2026-05-03T17:21:12.444+02:00 DEBUG 7548 --- [cTaskExecutor-1] d.f.t.batch.StudentItemProcessor         : Gemappt: Dexter Seawright → 46bc7566-f426-4539-9130-f28704867c87
2026-05-03T17:21:12.444+02:00 DEBUG 7548 --- [cTaskExecutor-2] d.f.t.batch.StudentItemProcessor         : Gemappt: Farah Tranfield → f4e820e2-fe81-4833-9a11-6b0bc1ae4a9d
2026-05-03T17:21:12.444+02:00 DEBUG 7548 --- [cTaskExecutor-1] d.f.t.batch.StudentItemProcessor         : Gemappt: Boote Roundtree → 5f3a455e-0c70-4692-8e83-a6d489c3241d
2026-05-03T17:21:12.444+02:00 DEBUG 7548 --- [cTaskExecutor-1] d.f.t.batch.StudentItemProcessor         : Gemappt: Shane Belasco → 9a735466-4ed3-48c0-8b98-498958e60552
2026-05-03T17:21:12.445+02:00 DEBUG 7548 --- [cTaskExecutor-1] d.f.t.batch.StudentItemProcessor         : Gemappt: Anna-maria Whatley → 871bd125-fbce-4446-bfd8-bad4137bb65f
2026-05-03T17:21:12.445+02:00 DEBUG 7548 --- [cTaskExecutor-4] d.f.t.batch.StudentItemProcessor         : Gemappt: Dona Pesticcio → e59e8d7b-d890-4348-9bfd-92b47b19f2f8
2026-05-03T17:21:12.445+02:00 DEBUG 7548 --- [cTaskExecutor-4] d.f.t.batch.StudentItemProcessor         : Gemappt: Thorndike Bussens → 20174c68-8e0a-46f4-988f-c75426b71583
2026-05-03T17:21:12.445+02:00 DEBUG 7548 --- [cTaskExecutor-4] d.f.t.batch.StudentItemProcessor         : Gemappt: Lindy Woodyear → 14253e71-7d3c-423c-964f-d6d1a68fab28
2026-05-03T17:21:12.445+02:00 DEBUG 7548 --- [cTaskExecutor-4] d.f.t.batch.StudentItemProcessor         : Gemappt: Giselle Lippi → bca1e084-ff1a-474b-b3f5-f1742db3e329
2026-05-03T17:21:12.445+02:00 DEBUG 7548 --- [cTaskExecutor-1] d.f.t.batch.StudentItemProcessor         : Gemappt: Chandal Selkirk → 6870b93e-82d1-4066-a388-a757e396e0e7
2026-05-03T17:21:12.446+02:00 DEBUG 7548 --- [cTaskExecutor-1] d.f.t.batch.StudentItemProcessor         : Gemappt: Wolfgang Golsby → ba855d86-6912-4ed6-a5a4-c56e8904207c
2026-05-03T17:21:12.445+02:00 DEBUG 7548 --- [cTaskExecutor-4] d.f.t.batch.StudentItemProcessor         : Gemappt: Leigh Deans → 183d3cab-224a-4daf-a322-e13a0dde4f90
2026-05-03T17:21:12.446+02:00 DEBUG 7548 --- [cTaskExecutor-1] d.f.t.batch.StudentItemProcessor         : Gemappt: Anet Lorenzini → fa7a4ed2-daa1-4e68-b1bf-c7bfa1e0836b
2026-05-03T17:21:12.446+02:00 DEBUG 7548 --- [cTaskExecutor-4] d.f.t.batch.StudentItemProcessor         : Gemappt: Corette Taill → 03b02639-1695-4312-a51c-3697a9f60d40
2026-05-03T17:21:12.446+02:00 DEBUG 7548 --- [cTaskExecutor-1] d.f.t.batch.StudentItemProcessor         : Gemappt: Nicolis Birchett → 75f6f60f-d92e-4c6d-bb4a-4d353a6e7412
2026-05-03T17:21:12.446+02:00 DEBUG 7548 --- [cTaskExecutor-4] d.f.t.batch.StudentItemProcessor         : Gemappt: Osborne Bealing → 3cd73670-58a8-472e-9091-1c6eac298146
2026-05-03T17:21:12.446+02:00 DEBUG 7548 --- [cTaskExecutor-4] d.f.t.batch.StudentItemProcessor         : Gemappt: Wit Glazier → 93a9e5ed-8010-4695-b165-12aab5e49c8c
2026-05-03T17:21:12.446+02:00 DEBUG 7548 --- [cTaskExecutor-3] d.f.t.batch.StudentItemProcessor         : Gemappt: Jody Cavnor → ca89c35e-cfc6-4feb-96b9-7d86dee75a32
2026-05-03T17:21:12.444+02:00 DEBUG 7548 --- [cTaskExecutor-2] d.f.t.batch.StudentItemProcessor         : Gemappt: Teddie Mossop → 3669e80b-25fb-4cb8-936e-5bef244e20d9
2026-05-03T17:21:12.446+02:00 DEBUG 7548 --- [cTaskExecutor-4] d.f.t.batch.StudentItemProcessor         : Gemappt: Farr Fydoe → a54f6622-60c5-4a15-8d6f-8f7e1c6f7527
2026-05-03T17:21:12.447+02:00 DEBUG 7548 --- [cTaskExecutor-2] d.f.t.batch.StudentItemProcessor         : Gemappt: Rozelle Fortye → 6b4fc79a-f444-41d0-9d3a-a0f962ec1f06
2026-05-03T17:21:12.446+02:00 DEBUG 7548 --- [cTaskExecutor-1] d.f.t.batch.StudentItemProcessor         : Gemappt: Jeff McKain → f7e31815-87b3-42cd-957c-8801bc1db9ae
2026-05-03T17:21:12.447+02:00 DEBUG 7548 --- [cTaskExecutor-1] d.f.t.batch.StudentItemProcessor         : Gemappt: Corey McCallam → 772fbaa0-6172-4979-a558-09e8d26d2a5d
2026-05-03T17:21:12.447+02:00 DEBUG 7548 --- [cTaskExecutor-1] d.f.t.batch.StudentItemProcessor         : Gemappt: Theodor Pollett → 16fa961d-9250-4e58-b3cf-7fde0841d26f
2026-05-03T17:21:12.447+02:00 DEBUG 7548 --- [cTaskExecutor-1] d.f.t.batch.StudentItemProcessor         : Gemappt: Angus Divers → 5a621235-38d2-49e0-be2b-5ab52ed742ba
2026-05-03T17:21:12.446+02:00 DEBUG 7548 --- [cTaskExecutor-3] d.f.t.batch.StudentItemProcessor         : Gemappt: Willie Mutlow → 442d2afe-7617-4649-809c-9f6217a01c36
2026-05-03T17:21:12.447+02:00 DEBUG 7548 --- [cTaskExecutor-1] d.f.t.batch.StudentItemProcessor         : Gemappt: Taite Dusey → c82b23b6-77d7-4279-bb00-78cd1b284f2a
2026-05-03T17:21:12.447+02:00 DEBUG 7548 --- [cTaskExecutor-3] d.f.t.batch.StudentItemProcessor         : Gemappt: Shepperd Zolini → b2a2d580-271d-428e-ad6e-a690c65b3be1
2026-05-03T17:21:12.447+02:00 DEBUG 7548 --- [cTaskExecutor-4] d.f.t.batch.StudentItemProcessor         : Gemappt: Tremaine Louedey → 11ede8b5-e341-470a-b004-e9b008399180
2026-05-03T17:21:12.447+02:00 DEBUG 7548 --- [cTaskExecutor-2] d.f.t.batch.StudentItemProcessor         : Gemappt: Charleen Rozenzweig → 29db4995-8775-4465-bf99-4de10dec6f11
2026-05-03T17:21:12.447+02:00 DEBUG 7548 --- [cTaskExecutor-1] d.f.t.batch.StudentItemProcessor         : Gemappt: Benjamen Gomez → b45752a0-c7a0-4108-87b7-1e6142afc1a2
2026-05-03T17:21:12.448+02:00 DEBUG 7548 --- [cTaskExecutor-2] d.f.t.batch.StudentItemProcessor         : Gemappt: Deana Dakers → 24cc7e83-7d81-4c0b-a40b-5538c68197c5
2026-05-03T17:21:12.448+02:00 DEBUG 7548 --- [cTaskExecutor-4] d.f.t.batch.StudentItemProcessor         : Gemappt: Gisele Planque → 04e883d1-8c0c-4085-ac13-68647bdfdd4b
2026-05-03T17:21:12.448+02:00 DEBUG 7548 --- [cTaskExecutor-3] d.f.t.batch.StudentItemProcessor         : Gemappt: Aili McKevitt → 5d2e55cc-59a8-4421-8559-f8799522738b
2026-05-03T17:21:12.448+02:00 DEBUG 7548 --- [cTaskExecutor-1] d.f.t.batch.StudentItemProcessor         : Gemappt: Theodore Dunbar → 124db94d-f7a1-44c0-bc80-4823a8e14a0a
2026-05-03T17:21:12.448+02:00 DEBUG 7548 --- [cTaskExecutor-4] d.f.t.batch.StudentItemProcessor         : Gemappt: Maddie Piatek → d55f2006-50a2-412b-a47c-28e8a367ca41
2026-05-03T17:21:12.448+02:00 DEBUG 7548 --- [cTaskExecutor-2] d.f.t.batch.StudentItemProcessor         : Gemappt: Angus Wannop → d1abab08-411f-47f7-afa8-408bb9855506
2026-05-03T17:21:12.448+02:00 DEBUG 7548 --- [cTaskExecutor-3] d.f.t.batch.StudentItemProcessor         : Gemappt: Dehlia Senechault → 3e271f95-6f63-48b3-8ff3-e8e0366ce902
2026-05-03T17:21:12.448+02:00 DEBUG 7548 --- [cTaskExecutor-1] d.f.t.batch.StudentItemProcessor         : Gemappt: Bill Bonsey → 3f601438-ebbd-4299-9967-106e66fd43fd
2026-05-03T17:21:12.448+02:00 DEBUG 7548 --- [cTaskExecutor-2] d.f.t.batch.StudentItemProcessor         : Gemappt: Lindsy Brittian → e53cb0bd-7e7d-4b5e-b837-93529198df03
2026-05-03T17:21:12.448+02:00 DEBUG 7548 --- [cTaskExecutor-1] d.f.t.batch.StudentItemProcessor         : Gemappt: Dorian Klemps → 0037b18e-9209-4ea2-9727-4582283ceeb6
2026-05-03T17:21:12.448+02:00 DEBUG 7548 --- [cTaskExecutor-4] d.f.t.batch.StudentItemProcessor         : Gemappt: Keelia Coger → 9e0a2bb5-fee3-472e-b179-2dfafa6f8278
2026-05-03T17:21:12.448+02:00 DEBUG 7548 --- [cTaskExecutor-3] d.f.t.batch.StudentItemProcessor         : Gemappt: Mohandis Marley → aaf2c5fc-35da-4d83-a366-50e9979b89a3
2026-05-03T17:21:12.449+02:00 DEBUG 7548 --- [cTaskExecutor-2] d.f.t.batch.StudentItemProcessor         : Gemappt: Jeannie Elton → b788538a-a34a-4736-a400-3b6e6e412d9d
2026-05-03T17:21:12.449+02:00 DEBUG 7548 --- [cTaskExecutor-1] d.f.t.batch.StudentItemProcessor         : Gemappt: Giles Yesenin → 6fb477c0-5d57-4d01-8cc0-724e21c301fd
2026-05-03T17:21:12.449+02:00 DEBUG 7548 --- [cTaskExecutor-4] d.f.t.batch.StudentItemProcessor         : Gemappt: Katy Tolmie → 8eba2df9-0440-4456-aa69-755416ee2e30
2026-05-03T17:21:12.449+02:00 DEBUG 7548 --- [cTaskExecutor-3] d.f.t.batch.StudentItemProcessor         : Gemappt: Lamont Robbel → 250ba2f1-f79f-431e-b409-772de8f19194
2026-05-03T17:21:12.449+02:00 DEBUG 7548 --- [cTaskExecutor-1] d.f.t.batch.StudentItemProcessor         : Gemappt: Dynah Cowan → ff87df0c-147d-4a7f-ae4f-7ceb97721a17
2026-05-03T17:21:12.449+02:00 DEBUG 7548 --- [cTaskExecutor-4] d.f.t.batch.StudentItemProcessor         : Gemappt: Johannes Aird → 6ac4c537-cfab-47fd-9562-900741aa10ef
2026-05-03T17:21:12.450+02:00 DEBUG 7548 --- [cTaskExecutor-4] d.f.t.batch.StudentItemProcessor         : Gemappt: Margareta Toseland → 73d23e70-44b3-47ad-b0c3-fb2c4fc48d5a
2026-05-03T17:21:12.449+02:00 DEBUG 7548 --- [cTaskExecutor-2] d.f.t.batch.StudentItemProcessor         : Gemappt: Vergil Rothert → b6130f75-d011-4001-8419-b3618021253c
2026-05-03T17:21:12.449+02:00 DEBUG 7548 --- [cTaskExecutor-3] d.f.t.batch.StudentItemProcessor         : Gemappt: Lorne Kleynen → 67dbd6b4-37f8-4927-808d-3d1b87ac67ff
2026-05-03T17:21:12.450+02:00 DEBUG 7548 --- [cTaskExecutor-3] d.f.t.batch.StudentItemProcessor         : Gemappt: Bryce Haugh → 1750e309-3572-4846-a5df-a5f5f7c3485f
2026-05-03T17:21:12.450+02:00 DEBUG 7548 --- [cTaskExecutor-3] d.f.t.batch.StudentItemProcessor         : Gemappt: Whitney Jedraszczyk → ce190853-c4c8-4e42-9797-a8fd05203765
2026-05-03T17:21:12.450+02:00 DEBUG 7548 --- [cTaskExecutor-3] d.f.t.batch.StudentItemProcessor         : Gemappt: Dianne Buckie → 3bc1bc18-2ec1-48c9-a317-a8a1ef619f5e
2026-05-03T17:21:12.450+02:00 DEBUG 7548 --- [cTaskExecutor-3] d.f.t.batch.StudentItemProcessor         : Gemappt: Lynea Sokill → 8be66ae5-4822-45a6-ac04-4047aec02af8
2026-05-03T17:21:12.450+02:00 DEBUG 7548 --- [cTaskExecutor-1] d.f.t.batch.StudentItemProcessor         : Gemappt: Bryant Norrie → c3a357e7-aa88-4d0d-afaa-286cc847a36b
2026-05-03T17:21:12.450+02:00 DEBUG 7548 --- [cTaskExecutor-4] d.f.t.batch.StudentItemProcessor         : Gemappt: Elisha Jiranek → 7009de30-6a60-4118-8e65-056a22b3d0d0
2026-05-03T17:21:12.451+02:00 DEBUG 7548 --- [cTaskExecutor-2] d.f.t.batch.StudentItemProcessor         : Gemappt: Kevina Grimble → 2e0acd4a-e420-42d1-bc0f-6139847a28de
2026-05-03T17:21:12.451+02:00 DEBUG 7548 --- [cTaskExecutor-4] d.f.t.batch.StudentItemProcessor         : Gemappt: Gard Sorbie → 0963285e-7409-419d-8fd0-fb00de91a59b
2026-05-03T17:21:12.451+02:00 DEBUG 7548 --- [cTaskExecutor-2] d.f.t.batch.StudentItemProcessor         : Gemappt: Jean Panting → 406dbd62-6030-4233-956f-d643c020870a
2026-05-03T17:21:12.451+02:00 DEBUG 7548 --- [cTaskExecutor-2] d.f.t.batch.StudentItemProcessor         : Gemappt: Charlena Oldis → c6f868c2-a15c-41d6-b6a7-ed12e037fe11
2026-05-03T17:21:12.451+02:00 DEBUG 7548 --- [cTaskExecutor-3] d.f.t.batch.StudentItemProcessor         : Gemappt: Al Brydson → c391e5c4-ae22-4b36-8f4e-4e1d297e3678
2026-05-03T17:21:12.451+02:00 DEBUG 7548 --- [cTaskExecutor-1] d.f.t.batch.StudentItemProcessor         : Gemappt: Aurelia Ong → 3498f912-b70c-418d-a129-68019cc86454
2026-05-03T17:21:12.451+02:00 DEBUG 7548 --- [cTaskExecutor-3] d.f.t.batch.StudentItemProcessor         : Gemappt: Dell Matthew → 3799456c-ab90-447c-98eb-dac4ca2e76ab
2026-05-03T17:21:12.451+02:00 DEBUG 7548 --- [cTaskExecutor-1] d.f.t.batch.StudentItemProcessor         : Gemappt: Travers Minshaw → 4cc67218-ee4c-48e9-9bae-3a80d1c07653
2026-05-03T17:21:12.451+02:00 DEBUG 7548 --- [cTaskExecutor-2] d.f.t.batch.StudentItemProcessor         : Gemappt: Indira Daunay → e10b1867-01ee-4922-80bc-5fa7803a156e
2026-05-03T17:21:12.451+02:00 DEBUG 7548 --- [cTaskExecutor-4] d.f.t.batch.StudentItemProcessor         : Gemappt: Alistair McNabb → e1b57d94-d722-4fcd-b5b3-2cc035b982a7
2026-05-03T17:21:12.452+02:00 DEBUG 7548 --- [cTaskExecutor-2] d.f.t.batch.StudentItemProcessor         : Gemappt: Clarey Symers → 8f797dd8-b416-4e6e-b65e-e32b140ab909
2026-05-03T17:21:12.452+02:00 DEBUG 7548 --- [cTaskExecutor-4] d.f.t.batch.StudentItemProcessor         : Gemappt: Sukey Tranmer → f0acb280-057e-4be0-b1d0-6f4b24a1be11
2026-05-03T17:21:12.452+02:00 DEBUG 7548 --- [cTaskExecutor-2] d.f.t.batch.StudentItemProcessor         : Gemappt: Markus Beacock → 9936a668-9007-4c8b-ae38-7ec6e46fd67d
2026-05-03T17:21:12.452+02:00 DEBUG 7548 --- [cTaskExecutor-4] d.f.t.batch.StudentItemProcessor         : Gemappt: Alexandros Kinneally → a870d831-b600-455c-91a2-1593826e4d49
2026-05-03T17:21:12.452+02:00 DEBUG 7548 --- [cTaskExecutor-2] d.f.t.batch.StudentItemProcessor         : Gemappt: Mead Curner → ef20c93a-3b9d-4ff5-be91-c45a91601282
2026-05-03T17:21:12.451+02:00 DEBUG 7548 --- [cTaskExecutor-3] d.f.t.batch.StudentItemProcessor         : Gemappt: Raeann Quade → a93111fe-01fc-4933-bfdc-a3637c8470a8
2026-05-03T17:21:12.451+02:00 DEBUG 7548 --- [cTaskExecutor-1] d.f.t.batch.StudentItemProcessor         : Gemappt: Rufe Stockman → 3e6ab4de-b224-4f77-a849-78deaba4c3e1
2026-05-03T17:21:12.452+02:00 DEBUG 7548 --- [cTaskExecutor-4] d.f.t.batch.StudentItemProcessor         : Gemappt: Vinson Fulham → b4d23256-9390-4f8f-a058-3a7db432bfe8
2026-05-03T17:21:12.452+02:00 DEBUG 7548 --- [cTaskExecutor-3] d.f.t.batch.StudentItemProcessor         : Gemappt: Franzen Echallier → b8c1ec9f-035a-48b9-a4da-9a9d4863637c
2026-05-03T17:21:12.452+02:00 DEBUG 7548 --- [cTaskExecutor-4] d.f.t.batch.StudentItemProcessor         : Gemappt: Gertruda Painter → c46fc868-07fb-4a46-b427-f4e6c09bce54
2026-05-03T17:21:12.452+02:00 DEBUG 7548 --- [cTaskExecutor-2] d.f.t.batch.StudentItemProcessor         : Gemappt: Brandyn M'Quharg → d1af5c75-53d6-4950-ada5-fb8f8a1bbcdf
2026-05-03T17:21:12.452+02:00 DEBUG 7548 --- [cTaskExecutor-4] d.f.t.batch.StudentItemProcessor         : Gemappt: Allie Matevosian → 1d87c0cd-ff1f-4f58-b5ce-2f54cd4e551f
2026-05-03T17:21:12.452+02:00 DEBUG 7548 --- [cTaskExecutor-4] d.f.t.batch.StudentItemProcessor         : Gemappt: Faina Hargie → c3e31c47-267f-4fb2-86bc-e2dbce73d2ec
2026-05-03T17:21:12.452+02:00 DEBUG 7548 --- [cTaskExecutor-1] d.f.t.batch.StudentItemProcessor         : Gemappt: Ardyce Rozalski → 23ca7db7-d2d7-4249-8b6d-b21391895b6a
2026-05-03T17:21:12.453+02:00 DEBUG 7548 --- [cTaskExecutor-4] d.f.t.batch.StudentItemProcessor         : Gemappt: Bale Cawthorne → e3b25d60-0de9-4c22-becc-38cd066dd618
2026-05-03T17:21:12.452+02:00 DEBUG 7548 --- [cTaskExecutor-2] d.f.t.batch.StudentItemProcessor         : Gemappt: Reeta Mowsdale → 91ce42d8-a422-478a-b3e4-144ba3de00df
2026-05-03T17:21:12.453+02:00 DEBUG 7548 --- [cTaskExecutor-4] d.f.t.batch.StudentItemProcessor         : Gemappt: Salim Sima → a2533e15-e8d8-439f-8ad9-202f34dc83b0
2026-05-03T17:21:12.453+02:00 DEBUG 7548 --- [cTaskExecutor-4] d.f.t.batch.StudentItemProcessor         : Gemappt: Halimeda Rivilis → b4e33680-1d7b-4961-9e03-3d48bc3705dc
2026-05-03T17:21:12.453+02:00 DEBUG 7548 --- [cTaskExecutor-1] d.f.t.batch.StudentItemProcessor         : Gemappt: Marcia Bragge → 1d72283a-9a64-4261-851e-c67702c3f4da
2026-05-03T17:21:12.453+02:00 DEBUG 7548 --- [cTaskExecutor-2] d.f.t.batch.StudentItemProcessor         : Gemappt: Yanaton Stannion → 095a7bc8-0f74-4cf0-a595-3f36d0098014
2026-05-03T17:21:12.453+02:00 DEBUG 7548 --- [cTaskExecutor-4] d.f.t.batch.StudentItemProcessor         : Gemappt: Zoe Naulls → aa53546e-3b7f-412d-af26-1aebad984eb7
2026-05-03T17:21:12.453+02:00 DEBUG 7548 --- [cTaskExecutor-2] d.f.t.batch.StudentItemProcessor         : Gemappt: Isac Odam → 0afb18c3-dd69-424c-b103-b62259dcc217
2026-05-03T17:21:12.454+02:00 DEBUG 7548 --- [cTaskExecutor-2] d.f.t.batch.StudentItemProcessor         : Gemappt: Fallon Rickeard → 33f363fb-da49-4cf4-9fd5-c9f7a15e0964
2026-05-03T17:21:12.453+02:00 DEBUG 7548 --- [cTaskExecutor-4] d.f.t.batch.StudentItemProcessor         : Gemappt: Auguste Treadger → 0096365a-9234-4c6d-b432-8a83268c2301
2026-05-03T17:21:12.452+02:00 DEBUG 7548 --- [cTaskExecutor-3] d.f.t.batch.StudentItemProcessor         : Gemappt: Lillian Featherstone → dec7514c-6321-4c73-b2e3-fec38d6552f1
2026-05-03T17:21:12.453+02:00 DEBUG 7548 --- [cTaskExecutor-1] d.f.t.batch.StudentItemProcessor         : Gemappt: Stuart Mordie → b7f5ef61-c456-40c4-8447-62fb2d38b4fa
2026-05-03T17:21:12.454+02:00 DEBUG 7548 --- [cTaskExecutor-4] d.f.t.batch.StudentItemProcessor         : Gemappt: Tawnya Hagland → 9e19858e-f077-4820-9bee-c272607c9efa
2026-05-03T17:21:12.454+02:00 DEBUG 7548 --- [cTaskExecutor-1] d.f.t.batch.StudentItemProcessor         : Gemappt: Leyla Bragginton → d55c410f-000a-4823-a485-f922f645681a
2026-05-03T17:21:12.454+02:00 DEBUG 7548 --- [cTaskExecutor-4] d.f.t.batch.StudentItemProcessor         : Gemappt: Maison Senn → 833e97fe-8ad6-4a7b-9676-a0fade664dcd
2026-05-03T17:21:12.454+02:00 DEBUG 7548 --- [cTaskExecutor-3] d.f.t.batch.StudentItemProcessor         : Gemappt: Edmund Goldstein → 523545a3-e6d6-4f2b-9b35-16ac270a0210
2026-05-03T17:21:12.454+02:00 DEBUG 7548 --- [cTaskExecutor-4] d.f.t.batch.StudentItemProcessor         : Gemappt: Dina Lackmann → 65a16413-22e1-49cf-aeaa-06b8fae0a614
2026-05-03T17:21:12.454+02:00 DEBUG 7548 --- [cTaskExecutor-2] d.f.t.batch.StudentItemProcessor         : Gemappt: Carlin Niezen → 046a5616-5654-4ff6-9fac-783d5c3367bd
2026-05-03T17:21:12.454+02:00 DEBUG 7548 --- [cTaskExecutor-3] d.f.t.batch.StudentItemProcessor         : Gemappt: Cherianne Fothergill → 8f69aac9-2912-42e5-b3e2-11abf8c91739
2026-05-03T17:21:12.454+02:00 DEBUG 7548 --- [cTaskExecutor-1] d.f.t.batch.StudentItemProcessor         : Gemappt: Kenneth Rubens → db43fe75-7178-40bc-b9bb-d5c017546034
2026-05-03T17:21:12.454+02:00 DEBUG 7548 --- [cTaskExecutor-4] d.f.t.batch.StudentItemProcessor         : Gemappt: Gwenny Squibe → bda5dae1-2256-4c2a-8f01-d32bcf0ae13d
2026-05-03T17:21:12.454+02:00 DEBUG 7548 --- [cTaskExecutor-2] d.f.t.batch.StudentItemProcessor         : Gemappt: Siegfried Switsur → 41fab71e-a08f-4632-8c16-7a5f6ddf0887
2026-05-03T17:21:12.455+02:00 DEBUG 7548 --- [cTaskExecutor-4] d.f.t.batch.StudentItemProcessor         : Gemappt: Gothart Posnette → 4daf3748-297a-4dcc-a6df-dc96290a2f32
2026-05-03T17:21:12.455+02:00 DEBUG 7548 --- [cTaskExecutor-2] d.f.t.batch.StudentItemProcessor         : Gemappt: Glori Coslitt → 77108a36-47fa-45dc-8e92-ed60d0d8ed4c
2026-05-03T17:21:12.455+02:00 DEBUG 7548 --- [cTaskExecutor-4] d.f.t.batch.StudentItemProcessor         : Gemappt: Ezmeralda Berthe → 8471c62a-33ea-4a71-bffd-72601cb13312
2026-05-03T17:21:12.454+02:00 DEBUG 7548 --- [cTaskExecutor-3] d.f.t.batch.StudentItemProcessor         : Gemappt: Nannette Guntrip → 331515c5-ead3-4b9d-b0ce-a22aa2c36b6b
2026-05-03T17:21:12.455+02:00 DEBUG 7548 --- [cTaskExecutor-1] d.f.t.batch.StudentItemProcessor         : Gemappt: Ginnie Bellie → 60a1abb6-4ca3-4242-bf51-23affc767694
2026-05-03T17:21:12.455+02:00 DEBUG 7548 --- [cTaskExecutor-2] d.f.t.batch.StudentItemProcessor         : Gemappt: Mureil Gaskell → edce65db-d687-42dc-8bfc-86be245e233f
2026-05-03T17:21:12.455+02:00 DEBUG 7548 --- [cTaskExecutor-4] d.f.t.batch.StudentItemProcessor         : Gemappt: Sarine Franzman → e9c8b8a0-c28e-4df0-9174-cb1c8bb817d7
2026-05-03T17:21:12.455+02:00 DEBUG 7548 --- [cTaskExecutor-2] d.f.t.batch.StudentItemProcessor         : Gemappt: Lurline Rivlin → d860561b-ebf1-449f-a7af-e6def49845fd
2026-05-03T17:21:12.455+02:00 DEBUG 7548 --- [cTaskExecutor-1] d.f.t.batch.StudentItemProcessor         : Gemappt: Darnall O'Bradden → 27aab8f7-00ee-4062-a32b-6881fe205752
2026-05-03T17:21:12.455+02:00 DEBUG 7548 --- [cTaskExecutor-4] d.f.t.batch.StudentItemProcessor         : Gemappt: Tammie Atthow → f3c3ec4c-271e-4ae7-b30b-2c7364c044ae
2026-05-03T17:21:12.455+02:00 DEBUG 7548 --- [cTaskExecutor-3] d.f.t.batch.StudentItemProcessor         : Gemappt: Tanner Stearndale → 58405460-1ad4-46ab-8d58-45241dceb8bc
2026-05-03T17:21:12.455+02:00 DEBUG 7548 --- [cTaskExecutor-2] d.f.t.batch.StudentItemProcessor         : Gemappt: Nata Sconce → 87d41877-539f-435f-9479-63f4bda583b4
2026-05-03T17:21:12.455+02:00 DEBUG 7548 --- [cTaskExecutor-1] d.f.t.batch.StudentItemProcessor         : Gemappt: Nari Farrah → e7a364af-9447-495d-951f-9d1fe649fe45
2026-05-03T17:21:12.455+02:00 DEBUG 7548 --- [cTaskExecutor-4] d.f.t.batch.StudentItemProcessor         : Gemappt: Ermengarde Newing → 5953a611-81c6-48a1-a78a-5eed62f36215
2026-05-03T17:21:12.455+02:00 DEBUG 7548 --- [cTaskExecutor-3] d.f.t.batch.StudentItemProcessor         : Gemappt: Berkie Flaubert → 08aebcde-3be3-43fa-9488-fdf64c6a4289
2026-05-03T17:21:12.455+02:00 DEBUG 7548 --- [cTaskExecutor-4] d.f.t.batch.StudentItemProcessor         : Gemappt: Baryram Inkles → c2766f69-cbf3-4a10-ae96-bae4be04aae3
2026-05-03T17:21:12.455+02:00 DEBUG 7548 --- [cTaskExecutor-1] d.f.t.batch.StudentItemProcessor         : Gemappt: Skell Lightowlers → 8ffc8e6e-452f-4409-80df-a3b7c73c75d2
2026-05-03T17:21:12.455+02:00 DEBUG 7548 --- [cTaskExecutor-3] d.f.t.batch.StudentItemProcessor         : Gemappt: Priscella Bryns → 90978be8-9a46-42b0-b6f6-ccbcb21191bb
2026-05-03T17:21:12.456+02:00 DEBUG 7548 --- [cTaskExecutor-1] d.f.t.batch.StudentItemProcessor         : Gemappt: Idell Goulbourn → 10943cc9-3224-4e2d-a545-3fd45232869b
2026-05-03T17:21:12.456+02:00 DEBUG 7548 --- [cTaskExecutor-3] d.f.t.batch.StudentItemProcessor         : Gemappt: Quentin Blackie → fc72601a-4f76-478a-ba60-7ebb43d7c253
2026-05-03T17:21:12.456+02:00 DEBUG 7548 --- [cTaskExecutor-3] d.f.t.batch.StudentItemProcessor         : Gemappt: Victoria Primarolo → a00ab22c-8c5a-4119-b8f3-0c2627dbbfa3
2026-05-03T17:21:12.456+02:00 DEBUG 7548 --- [cTaskExecutor-3] d.f.t.batch.StudentItemProcessor         : Gemappt: Shanon Sedgwick → 6d27224a-6da0-4790-a504-b187d6836489
2026-05-03T17:21:12.455+02:00 DEBUG 7548 --- [cTaskExecutor-4] d.f.t.batch.StudentItemProcessor         : Gemappt: Curr Huc → ca73829c-b8ea-439d-ab0c-e08e310505f8
2026-05-03T17:21:12.456+02:00 DEBUG 7548 --- [cTaskExecutor-3] d.f.t.batch.StudentItemProcessor         : Gemappt: Genni Halbeard → d8d23bf4-607f-478e-a797-fb4bb70f0fe3
2026-05-03T17:21:12.456+02:00 DEBUG 7548 --- [cTaskExecutor-1] d.f.t.batch.StudentItemProcessor         : Gemappt: Tobe Petrillo → e3022d56-5a0d-4fe2-a078-cfaa137b6f52
2026-05-03T17:21:12.456+02:00 DEBUG 7548 --- [cTaskExecutor-3] d.f.t.batch.StudentItemProcessor         : Gemappt: Sutton Brasse → 9334a7ae-057b-4fdb-8493-c86cfe20ac17
2026-05-03T17:21:12.456+02:00 DEBUG 7548 --- [cTaskExecutor-1] d.f.t.batch.StudentItemProcessor         : Gemappt: Alisha Callaby → a553bba5-7493-4bf7-a60c-77fcba4d44b2
2026-05-03T17:21:12.456+02:00 DEBUG 7548 --- [cTaskExecutor-3] d.f.t.batch.StudentItemProcessor         : Gemappt: Neille Raggles → ca7b1542-a82d-481e-8d75-f857c09d1f29
2026-05-03T17:21:12.456+02:00 DEBUG 7548 --- [cTaskExecutor-1] d.f.t.batch.StudentItemProcessor         : Gemappt: Phaedra Myderscough → a3a50f4e-1c28-4239-93db-413752e38c7a
2026-05-03T17:21:12.456+02:00 DEBUG 7548 --- [cTaskExecutor-3] d.f.t.batch.StudentItemProcessor         : Gemappt: Kirsten Cotesford → 87931bb6-2e97-47a6-8b00-a7a9783cb842
2026-05-03T17:21:12.456+02:00 DEBUG 7548 --- [cTaskExecutor-3] d.f.t.batch.StudentItemProcessor         : Gemappt: Trev Muzzollo → d4cdfd7b-920a-4beb-926c-38822a5d781b
2026-05-03T17:21:12.456+02:00 DEBUG 7548 --- [cTaskExecutor-4] d.f.t.batch.StudentItemProcessor         : Gemappt: Steffi Slite → fd12180d-ae74-4c46-af0d-f8e4943a8dea
2026-05-03T17:21:12.456+02:00 DEBUG 7548 --- [cTaskExecutor-1] d.f.t.batch.StudentItemProcessor         : Gemappt: Tobye Curtois → 2546ed27-ba21-4c5a-9805-a44778b1a4d6
2026-05-03T17:21:12.456+02:00 DEBUG 7548 --- [cTaskExecutor-4] d.f.t.batch.StudentItemProcessor         : Gemappt: Shelba Wombwell → 330939cd-5c17-42ec-b246-0b03c9dd0a45
2026-05-03T17:21:12.456+02:00 DEBUG 7548 --- [cTaskExecutor-4] d.f.t.batch.StudentItemProcessor         : Gemappt: Freemon Bethune → f9d3a339-2edc-4746-a274-9b28ba97ade3
2026-05-03T17:21:12.456+02:00 DEBUG 7548 --- [cTaskExecutor-4] d.f.t.batch.StudentItemProcessor         : Gemappt: Karlee Di Bernardo → d7c13641-6a4a-49f7-b244-e310cee9cf3c
2026-05-03T17:21:12.456+02:00 DEBUG 7548 --- [cTaskExecutor-4] d.f.t.batch.StudentItemProcessor         : Gemappt: Ansel Locarno → 37888628-3398-48f0-957e-b7b7f0ac59a2
2026-05-03T17:21:12.455+02:00 DEBUG 7548 --- [cTaskExecutor-2] d.f.t.batch.StudentItemProcessor         : Gemappt: Livy Stirman → 646de305-2fe8-42fc-8b2e-f07f47fefbb7
2026-05-03T17:21:12.456+02:00 DEBUG 7548 --- [cTaskExecutor-3] d.f.t.batch.StudentItemProcessor         : Gemappt: Reg Rivard → 557c1eb9-0c07-4d2a-9ad4-f9b014a3ecd1
2026-05-03T17:21:12.456+02:00 DEBUG 7548 --- [cTaskExecutor-2] d.f.t.batch.StudentItemProcessor         : Gemappt: Daisey Ohrtmann → fe34dfcf-3b0b-44ac-90e7-ba4aec997db0
2026-05-03T17:21:12.457+02:00 DEBUG 7548 --- [cTaskExecutor-2] d.f.t.batch.StudentItemProcessor         : Gemappt: Clarey Warre → 893cbc8f-3df0-48e6-8cb1-3299273af04f
2026-05-03T17:21:12.457+02:00 DEBUG 7548 --- [cTaskExecutor-2] d.f.t.batch.StudentItemProcessor         : Gemappt: Clare Gilffillan → 0f4de4b7-e389-41b9-a318-d218aff3b350
2026-05-03T17:21:12.457+02:00 DEBUG 7548 --- [cTaskExecutor-2] d.f.t.batch.StudentItemProcessor         : Gemappt: Emiline Yanyshev → 52d6af8c-03b4-41bc-9f7f-8a5ea143382d
2026-05-03T17:21:12.457+02:00 DEBUG 7548 --- [cTaskExecutor-2] d.f.t.batch.StudentItemProcessor         : Gemappt: Rip Roddell → d90908f0-4055-49f3-b85a-3b8203644aea
2026-05-03T17:21:12.456+02:00 DEBUG 7548 --- [cTaskExecutor-1] d.f.t.batch.StudentItemProcessor         : Gemappt: Emlynne Finlayson → 521eaf19-3650-4f34-a6c0-60e50415f405
2026-05-03T17:21:12.456+02:00 DEBUG 7548 --- [cTaskExecutor-4] d.f.t.batch.StudentItemProcessor         : Gemappt: Melantha Behrens → f203b891-4df2-4ecb-bcc7-46c8df42b078
2026-05-03T17:21:12.457+02:00 DEBUG 7548 --- [cTaskExecutor-1] d.f.t.batch.StudentItemProcessor         : Gemappt: Spenser Russam → 561dfdc6-346f-4dd6-ace6-fc075e2b91e4
2026-05-03T17:21:12.456+02:00 DEBUG 7548 --- [cTaskExecutor-3] d.f.t.batch.StudentItemProcessor         : Gemappt: Dominique Manthroppe → e648e889-3555-4474-bf11-94c3a2cef33e
2026-05-03T17:21:12.457+02:00 DEBUG 7548 --- [cTaskExecutor-1] d.f.t.batch.StudentItemProcessor         : Gemappt: Holly Castagna → 147eefd8-2827-42d5-b36f-7bee039ceaf4
2026-05-03T17:21:12.457+02:00 DEBUG 7548 --- [cTaskExecutor-3] d.f.t.batch.StudentItemProcessor         : Gemappt: Becca Jermy → b1b2dd5f-1a52-4a80-ba3a-62a1cd819f4a
2026-05-03T17:21:12.457+02:00 DEBUG 7548 --- [cTaskExecutor-1] d.f.t.batch.StudentItemProcessor         : Gemappt: Imelda Porrett → dfc2f131-6e1e-4610-95ab-560d47919804
2026-05-03T17:21:12.457+02:00 DEBUG 7548 --- [cTaskExecutor-3] d.f.t.batch.StudentItemProcessor         : Gemappt: Walther Kepling → 0f834ad5-35a8-41fc-90b3-529bb8f7eea3
2026-05-03T17:21:12.457+02:00 DEBUG 7548 --- [cTaskExecutor-3] d.f.t.batch.StudentItemProcessor         : Gemappt: Andrea Wilkison → 5e7fcef6-2342-4e03-aee3-638d06bff2fe
2026-05-03T17:21:12.457+02:00 DEBUG 7548 --- [cTaskExecutor-3] d.f.t.batch.StudentItemProcessor         : Gemappt: Nickolaus Shillingford → d0e74677-01de-406e-a99f-9ed1688ed23b
2026-05-03T17:21:12.457+02:00 DEBUG 7548 --- [cTaskExecutor-3] d.f.t.batch.StudentItemProcessor         : Gemappt: Edgardo Matignon → 39fe425a-6be2-48e2-8ab1-fef74ae861fe
2026-05-03T17:21:12.457+02:00 DEBUG 7548 --- [cTaskExecutor-3] d.f.t.batch.StudentItemProcessor         : Gemappt: Evey Wisbey → ea8019ec-fd67-4dc8-8166-b03efdfc92f0
2026-05-03T17:21:12.457+02:00 DEBUG 7548 --- [cTaskExecutor-3] d.f.t.batch.StudentItemProcessor         : Gemappt: Lowell Persse → 7401142e-66ef-4de6-a774-17ff88e64d56
2026-05-03T17:21:12.457+02:00 DEBUG 7548 --- [cTaskExecutor-3] d.f.t.batch.StudentItemProcessor         : Gemappt: Jeannie Stothard → 6e9e4bea-b0ca-47fc-94c2-5f6deea5e1d1
2026-05-03T17:21:12.457+02:00 DEBUG 7548 --- [cTaskExecutor-3] d.f.t.batch.StudentItemProcessor         : Gemappt: Guthry Avramovitz → 865c0ec7-5c9d-4f15-9c27-a84b1ff21c68
2026-05-03T17:21:12.457+02:00 DEBUG 7548 --- [cTaskExecutor-3] d.f.t.batch.StudentItemProcessor         : Gemappt: Martin Ecclestone → 56d999e5-b8f7-4c11-ab5e-e1f880efc65f
2026-05-03T17:21:12.457+02:00 DEBUG 7548 --- [cTaskExecutor-3] d.f.t.batch.StudentItemProcessor         : Gemappt: Alanson Tilson → d031f7ee-320f-4d3f-a2dc-8088f56544fe
2026-05-03T17:21:12.457+02:00 DEBUG 7548 --- [cTaskExecutor-3] d.f.t.batch.StudentItemProcessor         : Gemappt: Ewen Rowlin → 3800efb0-006d-4b13-a725-7e16e8817dd5
2026-05-03T17:21:12.458+02:00 DEBUG 7548 --- [cTaskExecutor-3] d.f.t.batch.StudentItemProcessor         : Gemappt: Melina Victory → 4416eb2c-ca86-41df-8f10-e9d2d87e2223
2026-05-03T17:21:12.458+02:00 DEBUG 7548 --- [cTaskExecutor-3] d.f.t.batch.StudentItemProcessor         : Gemappt: Ludovika Blind → ae7bbe44-dc4f-4d1a-ae72-87898fdca40f
2026-05-03T17:21:12.458+02:00 DEBUG 7548 --- [cTaskExecutor-3] d.f.t.batch.StudentItemProcessor         : Gemappt: Margaretha Lasty → 103d6b70-5f14-47d3-9862-36efb5688f24
2026-05-03T17:21:12.458+02:00 DEBUG 7548 --- [cTaskExecutor-3] d.f.t.batch.StudentItemProcessor         : Gemappt: Deeann Melton → 11498a6a-6461-4eb8-b805-b4c83bf80823
2026-05-03T17:21:12.458+02:00 DEBUG 7548 --- [cTaskExecutor-3] d.f.t.batch.StudentItemProcessor         : Gemappt: Dirk Bank → 0a720c68-5540-4729-9650-772654508791
2026-05-03T17:21:12.458+02:00 DEBUG 7548 --- [cTaskExecutor-1] d.f.t.batch.StudentItemProcessor         : Gemappt: Nikoletta Dyos → 56c1dffa-a6a3-4201-8e4a-5d1bed1bb052
2026-05-03T17:21:12.459+02:00 DEBUG 7548 --- [cTaskExecutor-1] d.f.t.batch.StudentItemProcessor         : Gemappt: Amye Barstock → c83d4082-2f68-4f5a-9c1f-041365f36517
2026-05-03T17:21:12.459+02:00 DEBUG 7548 --- [cTaskExecutor-1] d.f.t.batch.StudentItemProcessor         : Gemappt: Asia O'Dunneen → 5129858b-e8e2-4f1a-a2c5-4ef087711abf
2026-05-03T17:21:12.459+02:00 DEBUG 7548 --- [cTaskExecutor-1] d.f.t.batch.StudentItemProcessor         : Gemappt: Yasmin Steuart → 2749a746-2e2f-4f4c-ae1f-a56975643683
2026-05-03T17:21:12.457+02:00 DEBUG 7548 --- [cTaskExecutor-2] d.f.t.batch.StudentItemProcessor         : Gemappt: Dara Swindells → bcdcf191-47e0-4ba9-a9d1-d44477d8fb3d
2026-05-03T17:21:12.457+02:00 DEBUG 7548 --- [cTaskExecutor-4] d.f.t.batch.StudentItemProcessor         : Gemappt: Stormi Iredell → fc7408c3-4a56-453e-98f3-485ce7b75db4
2026-05-03T17:21:12.460+02:00 DEBUG 7548 --- [cTaskExecutor-1] d.f.t.batch.StudentItemProcessor         : Gemappt: Filmore Hainey` → ab862ca6-e20d-4e20-9ac1-7df35017564c
2026-05-03T17:21:12.460+02:00 DEBUG 7548 --- [cTaskExecutor-4] d.f.t.batch.StudentItemProcessor         : Gemappt: Webb Cardenoza → 2ac75f18-bd17-412c-b25c-1747cf48087d
2026-05-03T17:21:12.460+02:00 DEBUG 7548 --- [cTaskExecutor-2] d.f.t.batch.StudentItemProcessor         : Gemappt: Bettina Besantie → 27f3b901-eda9-4e8b-aea1-8b74fbd2c50e
2026-05-03T17:21:12.460+02:00 DEBUG 7548 --- [cTaskExecutor-2] d.f.t.batch.StudentItemProcessor         : Gemappt: Caryl Rubinov → 71721169-a4e3-4f8b-af0b-ece91f2ff659
2026-05-03T17:21:12.460+02:00 DEBUG 7548 --- [cTaskExecutor-2] d.f.t.batch.StudentItemProcessor         : Gemappt: Allegra Birbeck → 6fc38950-3c61-488b-b4f8-9e291f966d5d
2026-05-03T17:21:12.460+02:00 DEBUG 7548 --- [cTaskExecutor-2] d.f.t.batch.StudentItemProcessor         : Gemappt: Koressa Conti → 3106a730-d03d-4d80-8f01-be225246e62c
2026-05-03T17:21:12.460+02:00 DEBUG 7548 --- [cTaskExecutor-2] d.f.t.batch.StudentItemProcessor         : Gemappt: Suzy Stiles → 5a0fa85c-abc2-45d1-aea5-4b6a4c24e2fa
2026-05-03T17:21:12.460+02:00 DEBUG 7548 --- [cTaskExecutor-2] d.f.t.batch.StudentItemProcessor         : Gemappt: Carling Lusted → e4d05df9-4ab8-475c-bbf4-997c867ca538
2026-05-03T17:21:12.460+02:00 DEBUG 7548 --- [cTaskExecutor-2] d.f.t.batch.StudentItemProcessor         : Gemappt: Dottie Penni → ed165b59-b3b7-4418-939b-09a0b1a0b833
2026-05-03T17:21:12.460+02:00 DEBUG 7548 --- [cTaskExecutor-2] d.f.t.batch.StudentItemProcessor         : Gemappt: Mari Grise → 1f5c418c-ba07-4068-89ea-4005e70af8b3
2026-05-03T17:21:12.460+02:00 DEBUG 7548 --- [cTaskExecutor-2] d.f.t.batch.StudentItemProcessor         : Gemappt: Opal Impey → 75c66f74-c49a-4b20-9ca1-246cebc05487
2026-05-03T17:21:12.461+02:00 DEBUG 7548 --- [cTaskExecutor-2] d.f.t.batch.StudentItemProcessor         : Gemappt: Harley Delgaty → 3c1baa64-3047-4e7d-a3af-c6a03ad798fa
2026-05-03T17:21:12.461+02:00 DEBUG 7548 --- [cTaskExecutor-2] d.f.t.batch.StudentItemProcessor         : Gemappt: Pernell Toppin → 713799bd-8a9c-4176-b7ab-6839057f7601
2026-05-03T17:21:12.461+02:00 DEBUG 7548 --- [cTaskExecutor-2] d.f.t.batch.StudentItemProcessor         : Gemappt: Melli Weinmann → 5f381103-9875-4824-917e-9cffcce2dd50
2026-05-03T17:21:12.461+02:00 DEBUG 7548 --- [cTaskExecutor-2] d.f.t.batch.StudentItemProcessor         : Gemappt: Modesty Quarton → 01291289-5fe8-43b3-88de-d926201f5188
2026-05-03T17:21:12.461+02:00 DEBUG 7548 --- [cTaskExecutor-2] d.f.t.batch.StudentItemProcessor         : Gemappt: Kale Roskilly → 20a72669-e969-41db-ad5b-2137f9ab50ba
2026-05-03T17:21:12.461+02:00 DEBUG 7548 --- [cTaskExecutor-4] d.f.t.batch.StudentItemProcessor         : Gemappt: Nell Baggarley → 513ce5ac-5b18-45dc-89e8-37042b4ebef2
2026-05-03T17:21:12.461+02:00 DEBUG 7548 --- [cTaskExecutor-2] d.f.t.batch.StudentItemProcessor         : Gemappt: Clifford Storck → e363d396-35bc-42e4-a49c-3c15056a7554
2026-05-03T17:21:12.625+02:00 DEBUG 7548 --- [cTaskExecutor-2] d.f.t.batch.StudentItemProcessor         : Gemappt: Stephen Balhatchet → d19190bd-a41f-4c7a-b8ba-24d19429365f
2026-05-03T17:21:12.625+02:00 DEBUG 7548 --- [cTaskExecutor-2] d.f.t.batch.StudentItemProcessor         : Gemappt: Sybil Harroway → a383b7b9-58a2-4b6a-a020-345cb22fb993
2026-05-03T17:21:12.626+02:00 DEBUG 7548 --- [cTaskExecutor-2] d.f.t.batch.StudentItemProcessor         : Gemappt: Phillida Cordier → f3b04b3c-8cb8-40b2-900d-579a06d84997
2026-05-03T17:21:12.626+02:00 DEBUG 7548 --- [cTaskExecutor-2] d.f.t.batch.StudentItemProcessor         : Gemappt: Marianne McGunley → b05135af-1433-43b3-acb2-29939f6cd97c
2026-05-03T17:21:12.626+02:00 DEBUG 7548 --- [cTaskExecutor-2] d.f.t.batch.StudentItemProcessor         : Gemappt: Britteny Zielinski → 08d2aba6-b40e-489c-961c-0fde1fdd40c8
2026-05-03T17:21:12.626+02:00 DEBUG 7548 --- [cTaskExecutor-2] d.f.t.batch.StudentItemProcessor         : Gemappt: Willetta Beresfore → eda6d0d6-300d-4b3d-a01e-7ccc181242e8
2026-05-03T17:21:12.626+02:00 DEBUG 7548 --- [cTaskExecutor-2] d.f.t.batch.StudentItemProcessor         : Gemappt: Margarita Colbrun → 684b9149-cae6-4437-ac0f-4c54db712f35
2026-05-03T17:21:12.626+02:00 DEBUG 7548 --- [cTaskExecutor-2] d.f.t.batch.StudentItemProcessor         : Gemappt: Kathlin Norval → 8b160ace-3e79-43f8-9e77-4d75f462799f
2026-05-03T17:21:12.626+02:00 DEBUG 7548 --- [cTaskExecutor-2] d.f.t.batch.StudentItemProcessor         : Gemappt: Yule Colbourne → 503c2bba-23b1-49a4-b91d-90bd19612c3a
2026-05-03T17:21:12.626+02:00 DEBUG 7548 --- [cTaskExecutor-2] d.f.t.batch.StudentItemProcessor         : Gemappt: Ronald Thowless → 5fe3cf93-431f-4a19-b0a5-44bf1a3f7763
2026-05-03T17:21:12.626+02:00 DEBUG 7548 --- [cTaskExecutor-2] d.f.t.batch.StudentItemProcessor         : Gemappt: Iris Spinozzi → 6179881e-f193-4524-beb7-287c22894908
2026-05-03T17:21:12.626+02:00 DEBUG 7548 --- [cTaskExecutor-2] d.f.t.batch.StudentItemProcessor         : Gemappt: Christie Firmager → 7da72303-d964-4668-bd44-2cf4ccdd0fb8
2026-05-03T17:21:12.626+02:00 DEBUG 7548 --- [cTaskExecutor-2] d.f.t.batch.StudentItemProcessor         : Gemappt: Judi McAuslene → 39c9497d-2f08-49f0-9aea-b3ac9147c090
2026-05-03T17:21:12.626+02:00 DEBUG 7548 --- [cTaskExecutor-2] d.f.t.batch.StudentItemProcessor         : Gemappt: Guglielma Ferrar → b00189a5-75e3-4d57-b20c-3e7df7a96e50
2026-05-03T17:21:12.626+02:00 DEBUG 7548 --- [cTaskExecutor-2] d.f.t.batch.StudentItemProcessor         : Gemappt: Margette Uttermare → 4218d3f1-4288-48d3-b7d7-1758a7ba63fa
2026-05-03T17:21:12.626+02:00 DEBUG 7548 --- [cTaskExecutor-3] d.f.t.batch.StudentItemProcessor         : Gemappt: Rosita Danilewicz → 9f35d7e1-a8d4-454e-b522-0407d5064772
2026-05-03T17:21:12.626+02:00 DEBUG 7548 --- [cTaskExecutor-2] d.f.t.batch.StudentItemProcessor         : Gemappt: Kimmi Batch → 65d7f581-4041-43d5-b93b-e8e7c729793c
2026-05-03T17:21:12.627+02:00 DEBUG 7548 --- [cTaskExecutor-3] d.f.t.batch.StudentItemProcessor         : Gemappt: Sigismundo Duddin → eedca67d-7b1c-4453-a73c-1dcff7b86868
2026-05-03T17:21:12.627+02:00 DEBUG 7548 --- [cTaskExecutor-2] d.f.t.batch.StudentItemProcessor         : Gemappt: Conni Rupke → 0e241815-4e20-4f65-ad96-1decffa629c9
2026-05-03T17:21:12.627+02:00 DEBUG 7548 --- [cTaskExecutor-3] d.f.t.batch.StudentItemProcessor         : Gemappt: Neile Martino → 86064c90-d632-41a8-be0c-e7414d5ec15b
2026-05-03T17:21:12.627+02:00 DEBUG 7548 --- [cTaskExecutor-2] d.f.t.batch.StudentItemProcessor         : Gemappt: Tarah Saltsberger → 2735fcd9-9f6e-4474-809a-6aabcd3e66ee
2026-05-03T17:21:12.627+02:00 DEBUG 7548 --- [cTaskExecutor-2] d.f.t.batch.StudentItemProcessor         : Gemappt: Rachel Denyer → beb9284c-ff34-415c-a222-58343554c7b6
2026-05-03T17:21:12.627+02:00 DEBUG 7548 --- [cTaskExecutor-2] d.f.t.batch.StudentItemProcessor         : Gemappt: Odo Skillanders → cef4b39e-fb75-4446-b623-9810e9c4b8a6
2026-05-03T17:21:12.627+02:00 DEBUG 7548 --- [cTaskExecutor-2] d.f.t.batch.StudentItemProcessor         : Gemappt: Katherina Birdwistle → 4f0e8e5a-f7ce-450e-b6a8-cd7dfc886afb
2026-05-03T17:21:12.627+02:00 DEBUG 7548 --- [cTaskExecutor-2] d.f.t.batch.StudentItemProcessor         : Gemappt: Emerson Aves → 64514174-d23f-4397-a993-a48207375e71
2026-05-03T17:21:12.627+02:00 DEBUG 7548 --- [cTaskExecutor-2] d.f.t.batch.StudentItemProcessor         : Gemappt: Yorker Jankiewicz → 741b1b86-02ea-4f07-b261-aa9de0a759bb
2026-05-03T17:21:12.627+02:00 DEBUG 7548 --- [cTaskExecutor-2] d.f.t.batch.StudentItemProcessor         : Gemappt: Kermie Antos → 72ae876e-69f7-479f-b581-c3a520f691b0
2026-05-03T17:21:12.627+02:00 DEBUG 7548 --- [cTaskExecutor-2] d.f.t.batch.StudentItemProcessor         : Gemappt: Norry Tilberry → ebf42770-c69f-4638-8036-32b9a4edfc57
2026-05-03T17:21:12.627+02:00 DEBUG 7548 --- [cTaskExecutor-2] d.f.t.batch.StudentItemProcessor         : Gemappt: Abbi Gerrey → 40eceff2-98aa-4328-8eb3-fd41b4067cd9
2026-05-03T17:21:12.627+02:00 DEBUG 7548 --- [cTaskExecutor-2] d.f.t.batch.StudentItemProcessor         : Gemappt: Faber Maude → ee5ebbd9-2603-4ff6-8782-0b41726fddaf
2026-05-03T17:21:12.627+02:00 DEBUG 7548 --- [cTaskExecutor-3] d.f.t.batch.StudentItemProcessor         : Gemappt: Winnie Lightbown → ea90d53c-3869-4bb0-8022-85e94733ab7e
2026-05-03T17:21:12.627+02:00 DEBUG 7548 --- [cTaskExecutor-3] d.f.t.batch.StudentItemProcessor         : Gemappt: Dena Longfoot → 3f4c652f-5a8d-4d24-a59b-a2dfbd434d1d
2026-05-03T17:21:12.627+02:00 DEBUG 7548 --- [cTaskExecutor-3] d.f.t.batch.StudentItemProcessor         : Gemappt: Janifer Oris → 57d8440f-b511-401e-b02d-1c9156921a13
2026-05-03T17:21:12.628+02:00 DEBUG 7548 --- [cTaskExecutor-3] d.f.t.batch.StudentItemProcessor         : Gemappt: Dreddy Sutheran → 972d9d8b-c25c-4bbb-abe8-4a44aa0ede91
2026-05-03T17:21:12.627+02:00 DEBUG 7548 --- [cTaskExecutor-2] d.f.t.batch.StudentItemProcessor         : Gemappt: Donielle Yo → 1a5945c9-f3c3-433e-a56c-eff56ded5dc7
2026-05-03T17:21:12.628+02:00 DEBUG 7548 --- [cTaskExecutor-3] d.f.t.batch.StudentItemProcessor         : Gemappt: Abel Dyerson → 11abc66b-2b16-4f89-be21-e824fb5776ec
2026-05-03T17:21:12.628+02:00 DEBUG 7548 --- [cTaskExecutor-3] d.f.t.batch.StudentItemProcessor         : Gemappt: Almeria Casley → 8d2d1147-cac1-49e2-9d53-9ce48ceeedd6
2026-05-03T17:21:12.628+02:00 DEBUG 7548 --- [cTaskExecutor-3] d.f.t.batch.StudentItemProcessor         : Gemappt: Dinnie Bolstridge → b814c12a-c317-4e6e-960e-9ef29dc7bfed
2026-05-03T17:21:12.628+02:00 DEBUG 7548 --- [cTaskExecutor-3] d.f.t.batch.StudentItemProcessor         : Gemappt: Tandi Heritege → 93541ee9-7ef8-41ba-8540-06880aaf6eda
2026-05-03T17:21:12.628+02:00 DEBUG 7548 --- [cTaskExecutor-3] d.f.t.batch.StudentItemProcessor         : Gemappt: Harley Huston → bc4925df-5c32-4947-9d12-b03df85b3c5f
2026-05-03T17:21:12.628+02:00 DEBUG 7548 --- [cTaskExecutor-3] d.f.t.batch.StudentItemProcessor         : Gemappt: Jo ann Kaesmans → 881ab9ce-ad82-498a-b1af-69ac4b48672c
2026-05-03T17:21:12.628+02:00 DEBUG 7548 --- [cTaskExecutor-3] d.f.t.batch.StudentItemProcessor         : Gemappt: Zara Garment → a6288c63-7046-4673-b2c4-02ca88f8e052
2026-05-03T17:21:12.628+02:00 DEBUG 7548 --- [cTaskExecutor-2] d.f.t.batch.StudentItemProcessor         : Gemappt: Luis Auckland → c403ead7-dd89-42e9-aa69-5ac165106678
2026-05-03T17:21:12.628+02:00 DEBUG 7548 --- [cTaskExecutor-3] d.f.t.batch.StudentItemProcessor         : Gemappt: Sherill MacHoste → a5ad3d6b-323a-4b9f-9de9-5fc0018aa8ad
2026-05-03T17:21:12.628+02:00 DEBUG 7548 --- [cTaskExecutor-2] d.f.t.batch.StudentItemProcessor         : Gemappt: Max Vasilik → 7fbdf06a-1f38-44f4-b1ae-2107460ca01c
2026-05-03T17:21:12.628+02:00 DEBUG 7548 --- [cTaskExecutor-3] d.f.t.batch.StudentItemProcessor         : Gemappt: Tessy Tenwick → a14921f0-c752-48d2-b35e-07d59b8ad321
2026-05-03T17:21:12.629+02:00 DEBUG 7548 --- [cTaskExecutor-2] d.f.t.batch.StudentItemProcessor         : Gemappt: Matthiew Hargerie → 5affbb09-d99a-498e-94f2-f0dc5bd2ce6a
2026-05-03T17:21:12.629+02:00 DEBUG 7548 --- [cTaskExecutor-3] d.f.t.batch.StudentItemProcessor         : Gemappt: Deeann Chern → e244e991-8493-4719-a473-ca5052ae02cb
2026-05-03T17:21:12.629+02:00 DEBUG 7548 --- [cTaskExecutor-3] d.f.t.batch.StudentItemProcessor         : Gemappt: George Swigg → 94115243-a106-496e-a743-049007786d13
2026-05-03T17:21:12.629+02:00 DEBUG 7548 --- [cTaskExecutor-3] d.f.t.batch.StudentItemProcessor         : Gemappt: Guenevere Shorto → f86120d1-7f4a-45ef-aa69-29f7b6664994
2026-05-03T17:21:12.629+02:00 DEBUG 7548 --- [cTaskExecutor-3] d.f.t.batch.StudentItemProcessor         : Gemappt: Nannette Scawen → d5c4cef9-0b12-41cd-a5a1-ddb9dcdc85e4
2026-05-03T17:21:12.629+02:00 DEBUG 7548 --- [cTaskExecutor-3] d.f.t.batch.StudentItemProcessor         : Gemappt: Allyn Crang → d0c4513d-68fd-41a5-a899-b306d1a32c87
2026-05-03T17:21:12.629+02:00 DEBUG 7548 --- [cTaskExecutor-1] d.f.t.batch.StudentItemProcessor         : Gemappt: Ines Swanston → 989aed5e-df11-4cb2-b98f-b8f367b72d6c
2026-05-03T17:21:12.629+02:00 DEBUG 7548 --- [cTaskExecutor-2] d.f.t.batch.StudentItemProcessor         : Gemappt: Minerva Reinger → 26f0dd8f-9f77-412a-aee6-e01acb09e131
2026-05-03T17:21:12.630+02:00 DEBUG 7548 --- [cTaskExecutor-2] d.f.t.batch.StudentItemProcessor         : Gemappt: Star Cregan → c8683b05-7aa8-4304-95df-9aa75ca78fb5
2026-05-03T17:21:12.630+02:00 DEBUG 7548 --- [cTaskExecutor-2] d.f.t.batch.StudentItemProcessor         : Gemappt: Sandy Fedorski → 6f68fb8e-c2d4-452b-a0ab-3d4fc36c7267
2026-05-03T17:21:12.629+02:00 DEBUG 7548 --- [cTaskExecutor-3] d.f.t.batch.StudentItemProcessor         : Gemappt: Gunter Gallelli → 5084f4ef-108f-4b8d-ac15-d1c0d11dbe53
2026-05-03T17:21:12.630+02:00 DEBUG 7548 --- [cTaskExecutor-1] d.f.t.batch.StudentItemProcessor         : Gemappt: Celeste Maffulli → c5d22851-9766-4a5f-9af2-1d2d193cdc64
2026-05-03T17:21:12.630+02:00 DEBUG 7548 --- [cTaskExecutor-1] d.f.t.batch.StudentItemProcessor         : Gemappt: Michaelina Pelchat → 261300fc-97a9-42e3-98f1-8dc726babad0
2026-05-03T17:21:12.630+02:00 DEBUG 7548 --- [cTaskExecutor-1] d.f.t.batch.StudentItemProcessor         : Gemappt: Eba Vondrach → 94ef5cae-332c-4d9e-b34a-f84ae149df81
2026-05-03T17:21:12.630+02:00 DEBUG 7548 --- [cTaskExecutor-1] d.f.t.batch.StudentItemProcessor         : Gemappt: Tate Hrachovec → e72040ad-bc4b-4ffe-a1b9-1c0b75313e6f
2026-05-03T17:21:12.630+02:00 DEBUG 7548 --- [cTaskExecutor-2] d.f.t.batch.StudentItemProcessor         : Gemappt: Saul Grafton-Herbert → 5a4c53e8-19bc-4d93-8179-d09b6adb2d19
2026-05-03T17:21:12.630+02:00 DEBUG 7548 --- [cTaskExecutor-3] d.f.t.batch.StudentItemProcessor         : Gemappt: Anstice Semechik → 5f04999b-2480-4a2c-a978-570441d453b0
2026-05-03T17:21:12.631+02:00 DEBUG 7548 --- [cTaskExecutor-3] d.f.t.batch.StudentItemProcessor         : Gemappt: Tricia Lanning → 61d62060-6d3e-47b8-af8f-ff4beb1c9fe3
2026-05-03T17:21:12.631+02:00 DEBUG 7548 --- [cTaskExecutor-1] d.f.t.batch.StudentItemProcessor         : Gemappt: Kinsley Tipper → 7a416f1d-c725-4b0a-8f7a-8397ecab1fb6
2026-05-03T17:21:12.631+02:00 DEBUG 7548 --- [cTaskExecutor-3] d.f.t.batch.StudentItemProcessor         : Gemappt: Harlin Guitonneau → 9b79d122-7691-4c9c-a41e-2e086ad32a39
2026-05-03T17:21:12.631+02:00 DEBUG 7548 --- [cTaskExecutor-1] d.f.t.batch.StudentItemProcessor         : Gemappt: Laurie Hudleston → d2c7e0c9-4c5f-4e19-a41f-3d436ecae08c
2026-05-03T17:21:12.631+02:00 DEBUG 7548 --- [cTaskExecutor-4] d.f.t.batch.StudentItemProcessor         : Gemappt: Scott Cutchey → 798d4683-b558-41bf-b6c7-d78f1d5637ea
2026-05-03T17:21:12.631+02:00 DEBUG 7548 --- [cTaskExecutor-4] d.f.t.batch.StudentItemProcessor         : Gemappt: Berna Copello → 9579c0f9-c29a-4ebd-ac87-92b1ae355d5d
2026-05-03T17:21:12.631+02:00 DEBUG 7548 --- [cTaskExecutor-4] d.f.t.batch.StudentItemProcessor         : Gemappt: Rochester Oxterby → a15fd235-dfb1-4061-998c-52ec904754e6
2026-05-03T17:21:12.631+02:00 DEBUG 7548 --- [cTaskExecutor-1] d.f.t.batch.StudentItemProcessor         : Gemappt: Norine Rodolphe → dac84ef8-8c86-4df7-87b5-1307bddee289
2026-05-03T17:21:12.631+02:00 DEBUG 7548 --- [cTaskExecutor-2] d.f.t.batch.StudentItemProcessor         : Gemappt: Stevana Pisco → fbbb1298-ace2-40f6-a008-7f8cd8bf1e4a
2026-05-03T17:21:12.631+02:00 DEBUG 7548 --- [cTaskExecutor-3] d.f.t.batch.StudentItemProcessor         : Gemappt: Eulalie Grigolashvill → 4b98552f-cb2d-4ba2-b1dd-e5383c456dcc
2026-05-03T17:21:12.631+02:00 DEBUG 7548 --- [cTaskExecutor-4] d.f.t.batch.StudentItemProcessor         : Gemappt: Padriac Pablo → 6cbf3fe0-374b-4108-8ea9-47ca216d044f
2026-05-03T17:21:12.631+02:00 DEBUG 7548 --- [cTaskExecutor-3] d.f.t.batch.StudentItemProcessor         : Gemappt: Gill Giacomucci → 7cd8b30d-9d42-4439-a8c1-409885172e9a
2026-05-03T17:21:12.631+02:00 DEBUG 7548 --- [cTaskExecutor-4] d.f.t.batch.StudentItemProcessor         : Gemappt: Merrill Frill → 296a0371-4a36-47ca-909b-e5c6c37ba7b6
2026-05-03T17:21:12.631+02:00 DEBUG 7548 --- [cTaskExecutor-3] d.f.t.batch.StudentItemProcessor         : Gemappt: Hertha Lillicrop → aafcb572-d5f1-4187-9c65-f77a96e71116
2026-05-03T17:21:12.631+02:00 DEBUG 7548 --- [cTaskExecutor-4] d.f.t.batch.StudentItemProcessor         : Gemappt: Anneliese Chrystal → a19cec8a-9530-4c45-b424-e1c7634a1a71
2026-05-03T17:21:12.631+02:00 DEBUG 7548 --- [cTaskExecutor-3] d.f.t.batch.StudentItemProcessor         : Gemappt: Catarina Brookwell → 7a1b5c73-3456-4603-95bc-3c95d1601746
2026-05-03T17:21:12.631+02:00 DEBUG 7548 --- [cTaskExecutor-4] d.f.t.batch.StudentItemProcessor         : Gemappt: Aharon Vivians → fa37bb9e-4f67-4e5b-9aec-31aaa4a3e1b1
2026-05-03T17:21:12.631+02:00 DEBUG 7548 --- [cTaskExecutor-2] d.f.t.batch.StudentItemProcessor         : Gemappt: Washington Loxston → 0a983695-1eae-4f41-85c4-3f9ce59fd33c
2026-05-03T17:21:12.631+02:00 DEBUG 7548 --- [cTaskExecutor-4] d.f.t.batch.StudentItemProcessor         : Gemappt: Jillane Lamerton → a566b075-254f-45a8-8c95-4aac420fe9de
2026-05-03T17:21:12.631+02:00 DEBUG 7548 --- [cTaskExecutor-1] d.f.t.batch.StudentItemProcessor         : Gemappt: Elden Yakunikov → 593ec8a3-1f66-46b9-866c-ef35a7ee8e8b
2026-05-03T17:21:12.631+02:00 DEBUG 7548 --- [cTaskExecutor-2] d.f.t.batch.StudentItemProcessor         : Gemappt: Kermit Thorby → e813bf40-cdb2-4363-a6a1-29dc63f7c47e
2026-05-03T17:21:12.631+02:00 DEBUG 7548 --- [cTaskExecutor-3] d.f.t.batch.StudentItemProcessor         : Gemappt: Cathie Escudier → d7ac29f4-89ff-470b-b293-ad6ec8908c46
2026-05-03T17:21:12.631+02:00 DEBUG 7548 --- [cTaskExecutor-2] d.f.t.batch.StudentItemProcessor         : Gemappt: Linoel Dolman → 5d32dbe6-9268-4734-8b45-fdce30dcc6ad
2026-05-03T17:21:12.631+02:00 DEBUG 7548 --- [cTaskExecutor-3] d.f.t.batch.StudentItemProcessor         : Gemappt: Ignazio Biddiss → befde154-138c-4773-8c8b-c70a5c6873f7
2026-05-03T17:21:12.631+02:00 DEBUG 7548 --- [cTaskExecutor-2] d.f.t.batch.StudentItemProcessor         : Gemappt: Elsey Arundale → a29597eb-7d08-4e9d-b1ac-0a348e56044d
2026-05-03T17:21:12.631+02:00 DEBUG 7548 --- [cTaskExecutor-3] d.f.t.batch.StudentItemProcessor         : Gemappt: Bellina Mattheeuw → d9596f0a-7228-4edf-bce7-1122f685ef8c
2026-05-03T17:21:12.631+02:00 DEBUG 7548 --- [cTaskExecutor-2] d.f.t.batch.StudentItemProcessor         : Gemappt: Greer Monckton → 2c99773a-6fed-45e0-929d-7b735831366a
2026-05-03T17:21:12.631+02:00 DEBUG 7548 --- [cTaskExecutor-3] d.f.t.batch.StudentItemProcessor         : Gemappt: Emilee Viccary → 378aaf18-8e87-4810-baf5-cd4d9a215c60
2026-05-03T17:21:12.631+02:00 DEBUG 7548 --- [cTaskExecutor-2] d.f.t.batch.StudentItemProcessor         : Gemappt: Alessandra Goddman → 70d02a39-0efd-4a48-95e8-db5e88772739
2026-05-03T17:21:12.631+02:00 DEBUG 7548 --- [cTaskExecutor-3] d.f.t.batch.StudentItemProcessor         : Gemappt: Gerti Jovanovic → a4150448-09be-4b65-9d54-dbde9ac47fc3
2026-05-03T17:21:12.631+02:00 DEBUG 7548 --- [cTaskExecutor-2] d.f.t.batch.StudentItemProcessor         : Gemappt: Ignaz Middleweek → 4d3b24bc-87aa-475a-bd1c-b762353e1827
2026-05-03T17:21:12.631+02:00 DEBUG 7548 --- [cTaskExecutor-3] d.f.t.batch.StudentItemProcessor         : Gemappt: Vidovic Haresign → 4e2ff4cc-c3f3-46f7-808d-e9968bebfa56
2026-05-03T17:21:12.632+02:00 DEBUG 7548 --- [cTaskExecutor-3] d.f.t.batch.StudentItemProcessor         : Gemappt: Lilas Raspel → 36bef0b4-7312-498e-b9c0-1a2fa54924b6
2026-05-03T17:21:12.631+02:00 DEBUG 7548 --- [cTaskExecutor-4] d.f.t.batch.StudentItemProcessor         : Gemappt: Raoul Winfindine → beba83a1-33a2-4f32-915a-6eade3243d1f
2026-05-03T17:21:12.632+02:00 DEBUG 7548 --- [cTaskExecutor-3] d.f.t.batch.StudentItemProcessor         : Gemappt: Sasha Baudouin → 964b732b-e995-42ca-8e7d-d1dd786d3507
2026-05-03T17:21:12.631+02:00 DEBUG 7548 --- [cTaskExecutor-1] d.f.t.batch.StudentItemProcessor         : Gemappt: Patten Assiter → a1754975-a602-4fa3-8329-ea29d5241162
2026-05-03T17:21:12.632+02:00 DEBUG 7548 --- [cTaskExecutor-2] d.f.t.batch.StudentItemProcessor         : Gemappt: Odey Mulvagh → 2ae99e4a-2670-46c4-b1bb-5516fd1ba65e
2026-05-03T17:21:12.632+02:00 DEBUG 7548 --- [cTaskExecutor-4] d.f.t.batch.StudentItemProcessor         : Gemappt: Ezechiel Nichols → f8a4bb72-47f1-436b-8297-b2506e639c2c
2026-05-03T17:21:12.632+02:00 DEBUG 7548 --- [cTaskExecutor-2] d.f.t.batch.StudentItemProcessor         : Gemappt: Thia Jardin → 31dda2b2-ef6b-4c67-9980-8a2afd79dff1
2026-05-03T17:21:12.632+02:00 DEBUG 7548 --- [cTaskExecutor-3] d.f.t.batch.StudentItemProcessor         : Gemappt: Tomkin Berr → 9ca4b72f-5b9c-4823-8092-aaf5c115967a
2026-05-03T17:21:12.632+02:00 DEBUG 7548 --- [cTaskExecutor-2] d.f.t.batch.StudentItemProcessor         : Gemappt: Cathrine Goodlife → 5ebd2d03-60e6-43a8-a5ca-8615bed02276
2026-05-03T17:21:12.632+02:00 DEBUG 7548 --- [cTaskExecutor-3] d.f.t.batch.StudentItemProcessor         : Gemappt: Emlen Bickerdyke → 18a80e3a-921d-4cca-b0d6-150f0cbbe0de
2026-05-03T17:21:12.632+02:00 DEBUG 7548 --- [cTaskExecutor-4] d.f.t.batch.StudentItemProcessor         : Gemappt: Virginie Godsmark → 5e91eb98-caf4-4c59-b1a5-e7ba38c38778
2026-05-03T17:21:12.632+02:00 DEBUG 7548 --- [cTaskExecutor-4] d.f.t.batch.StudentItemProcessor         : Gemappt: Fernandina Prescott → afc8fcee-1216-4f9b-a1ed-40e9b4b1b4a2
2026-05-03T17:21:12.632+02:00 DEBUG 7548 --- [cTaskExecutor-2] d.f.t.batch.StudentItemProcessor         : Gemappt: Lucien Playdon → bc17a025-3707-4236-8733-f400f8d1f519
2026-05-03T17:21:12.632+02:00 DEBUG 7548 --- [cTaskExecutor-4] d.f.t.batch.StudentItemProcessor         : Gemappt: Ashby Cridlin → 65edd43e-454a-49b5-9107-5f1e26682e5f
2026-05-03T17:21:12.632+02:00 DEBUG 7548 --- [cTaskExecutor-1] d.f.t.batch.StudentItemProcessor         : Gemappt: Nicky Cristofori → f187ecb6-5d42-40f8-9e40-131942563540
2026-05-03T17:21:12.632+02:00 DEBUG 7548 --- [cTaskExecutor-3] d.f.t.batch.StudentItemProcessor         : Gemappt: Clare Winscum → 2a3df1e3-5b6a-48b0-9998-7ff7b53a18fd
2026-05-03T17:21:12.632+02:00 DEBUG 7548 --- [cTaskExecutor-4] d.f.t.batch.StudentItemProcessor         : Gemappt: Lovell Froment → eeb8c0e9-7043-46fa-b2d7-b962566bde0b
2026-05-03T17:21:12.632+02:00 DEBUG 7548 --- [cTaskExecutor-3] d.f.t.batch.StudentItemProcessor         : Gemappt: Cassandry Cremer → 99821f95-c0bd-4598-9aba-a5f3f5e6217c
2026-05-03T17:21:12.632+02:00 DEBUG 7548 --- [cTaskExecutor-2] d.f.t.batch.StudentItemProcessor         : Gemappt: Katee McKellen → aa9ffd67-9350-425b-941f-0ce25bccadb7
2026-05-03T17:21:12.632+02:00 DEBUG 7548 --- [cTaskExecutor-1] d.f.t.batch.StudentItemProcessor         : Gemappt: Garret Jore → 859b828b-2454-406a-8f6e-c1d6b9782bc3
2026-05-03T17:21:12.632+02:00 DEBUG 7548 --- [cTaskExecutor-4] d.f.t.batch.StudentItemProcessor         : Gemappt: Natalina Wigley → 301e5ecb-a0d2-456b-87f6-cdffcf5e0c9c
2026-05-03T17:21:12.632+02:00 DEBUG 7548 --- [cTaskExecutor-1] d.f.t.batch.StudentItemProcessor         : Gemappt: Theo Dorre → 2025c537-775c-4d3c-b42d-9e13823d4bdd
2026-05-03T17:21:12.632+02:00 DEBUG 7548 --- [cTaskExecutor-3] d.f.t.batch.StudentItemProcessor         : Gemappt: Merry Magrannell → cd0e649b-bf40-47c4-8ba5-31388269abf0
2026-05-03T17:21:12.633+02:00 DEBUG 7548 --- [cTaskExecutor-3] d.f.t.batch.StudentItemProcessor         : Gemappt: Euphemia Judson → 92982d1d-0a96-43ff-8860-5c1c3bd622e9
2026-05-03T17:21:12.633+02:00 DEBUG 7548 --- [cTaskExecutor-3] d.f.t.batch.StudentItemProcessor         : Gemappt: Patten Kennard → a94f9de8-d9b5-49b4-9a6a-056ecc4eaf80
2026-05-03T17:21:12.633+02:00 DEBUG 7548 --- [cTaskExecutor-3] d.f.t.batch.StudentItemProcessor         : Gemappt: Mose Doxsey → d798f6b4-b8bd-41ac-9694-aaa2a094dc1a
2026-05-03T17:21:12.633+02:00 DEBUG 7548 --- [cTaskExecutor-3] d.f.t.batch.StudentItemProcessor         : Gemappt: Kelcy Spragg → 5782d7a4-6ff4-4878-809a-a3077b23497f
2026-05-03T17:21:12.633+02:00 DEBUG 7548 --- [cTaskExecutor-3] d.f.t.batch.StudentItemProcessor         : Gemappt: Adrienne Abbiss → 6edf7f7f-7f61-49f6-91c9-a114ee8b0339
2026-05-03T17:21:12.633+02:00 DEBUG 7548 --- [cTaskExecutor-3] d.f.t.batch.StudentItemProcessor         : Gemappt: Charla Gebhard → 744858c1-a2df-4eab-a605-c331a1cb4f3b
2026-05-03T17:21:12.633+02:00 DEBUG 7548 --- [cTaskExecutor-3] d.f.t.batch.StudentItemProcessor         : Gemappt: Kiah Inglese → 4d81e299-e2e7-41e7-8934-0d35a21bad1e
2026-05-03T17:21:12.632+02:00 DEBUG 7548 --- [cTaskExecutor-2] d.f.t.batch.StudentItemProcessor         : Gemappt: Richie Belderfield → 64e074c2-53f9-431a-b952-e3f11049cb21
2026-05-03T17:21:12.633+02:00 DEBUG 7548 --- [cTaskExecutor-2] d.f.t.batch.StudentItemProcessor         : Gemappt: Felicity Bugby → 7c3f4bce-6b3f-410d-8a88-5f678457394d
2026-05-03T17:21:12.633+02:00 DEBUG 7548 --- [cTaskExecutor-1] d.f.t.batch.StudentItemProcessor         : Gemappt: Barthel Eim → 27996497-0346-4060-90d7-083e59416eb1
2026-05-03T17:21:12.633+02:00 DEBUG 7548 --- [cTaskExecutor-4] d.f.t.batch.StudentItemProcessor         : Gemappt: Vittorio Cutridge → 96d54a37-aa15-4d19-bd53-e06746ae5d65
2026-05-03T17:21:12.633+02:00 DEBUG 7548 --- [cTaskExecutor-1] d.f.t.batch.StudentItemProcessor         : Gemappt: Romola Switsur → ddc0228c-196c-40cb-bb72-154556b58ec1
2026-05-03T17:21:12.633+02:00 DEBUG 7548 --- [cTaskExecutor-3] d.f.t.batch.StudentItemProcessor         : Gemappt: Humfried Focke → f7613ae6-607e-42e5-a8ba-81d7a8cd2a8d
2026-05-03T17:21:12.633+02:00 DEBUG 7548 --- [cTaskExecutor-1] d.f.t.batch.StudentItemProcessor         : Gemappt: Sibley Ring → 566db288-524b-4984-93b4-fd02ae93339c
2026-05-03T17:21:12.633+02:00 DEBUG 7548 --- [cTaskExecutor-4] d.f.t.batch.StudentItemProcessor         : Gemappt: Doll Spino → d5b3a0e5-4a6f-4e32-9165-83db32889bb5
2026-05-03T17:21:12.633+02:00 DEBUG 7548 --- [cTaskExecutor-1] d.f.t.batch.StudentItemProcessor         : Gemappt: Cammi Olenin → c3998f38-cc7d-4bcf-94f8-0a0456237c8e
2026-05-03T17:21:12.633+02:00 DEBUG 7548 --- [cTaskExecutor-1] d.f.t.batch.StudentItemProcessor         : Gemappt: Barnabe Sadry → 5dd31a67-bfc9-4fac-9a33-d421d1b7a809
2026-05-03T17:21:12.633+02:00 DEBUG 7548 --- [cTaskExecutor-1] d.f.t.batch.StudentItemProcessor         : Gemappt: Nixie Argabrite → e5b9dc28-df5b-4e2f-bbf7-c1acaad7b311
2026-05-03T17:21:12.633+02:00 DEBUG 7548 --- [cTaskExecutor-4] d.f.t.batch.StudentItemProcessor         : Gemappt: Terrance Bulle → 71e8dda0-6e59-4be8-92a0-ba79ee1cec98
2026-05-03T17:21:12.633+02:00 DEBUG 7548 --- [cTaskExecutor-1] d.f.t.batch.StudentItemProcessor         : Gemappt: Cordy Gwilliam → 7a8909f4-d307-4040-934b-1d13ed0b23e6
2026-05-03T17:21:12.633+02:00 DEBUG 7548 --- [cTaskExecutor-4] d.f.t.batch.StudentItemProcessor         : Gemappt: Padget Blakiston → aaa2e856-9629-4f00-a927-6a88c5d23c3d
2026-05-03T17:21:12.633+02:00 DEBUG 7548 --- [cTaskExecutor-1] d.f.t.batch.StudentItemProcessor         : Gemappt: Fayina De Gregario → 7aae9f2e-8111-4d25-ab28-e00ec7eace03
2026-05-03T17:21:12.633+02:00 DEBUG 7548 --- [cTaskExecutor-4] d.f.t.batch.StudentItemProcessor         : Gemappt: Sonya Legging → 661af77e-f8ed-41b0-9517-c9a350e477b5
2026-05-03T17:21:12.633+02:00 DEBUG 7548 --- [cTaskExecutor-1] d.f.t.batch.StudentItemProcessor         : Gemappt: Mil McDirmid → bc0858e7-f38b-4611-bfe8-3ec4c27a9ee5
2026-05-03T17:21:12.633+02:00 DEBUG 7548 --- [cTaskExecutor-4] d.f.t.batch.StudentItemProcessor         : Gemappt: Ema Sexty → befa3607-aff1-417f-afcb-e16c23b57d68
2026-05-03T17:21:12.634+02:00 DEBUG 7548 --- [cTaskExecutor-1] d.f.t.batch.StudentItemProcessor         : Gemappt: Ignacius Pieracci → 33ca7169-bcd8-457c-8354-a1a7a05ec21f
2026-05-03T17:21:12.634+02:00 DEBUG 7548 --- [cTaskExecutor-4] d.f.t.batch.StudentItemProcessor         : Gemappt: Mandy Rattray → dfa76df1-470b-4683-96af-5eaf1933def5
2026-05-03T17:21:12.634+02:00 DEBUG 7548 --- [cTaskExecutor-1] d.f.t.batch.StudentItemProcessor         : Gemappt: Klarrisa Pyrton → b594da96-13d0-4ed5-833b-ff08457a0ad7
2026-05-03T17:21:12.634+02:00 DEBUG 7548 --- [cTaskExecutor-1] d.f.t.batch.StudentItemProcessor         : Gemappt: Huntlee O'Doherty → 90a50a6f-ae75-44a0-b16a-7233a7e0e289
2026-05-03T17:21:12.634+02:00 DEBUG 7548 --- [cTaskExecutor-4] d.f.t.batch.StudentItemProcessor         : Gemappt: Cherlyn Glowacz → 49081eef-461e-4fc2-868f-b7ac9a552679
2026-05-03T17:21:12.634+02:00 DEBUG 7548 --- [cTaskExecutor-1] d.f.t.batch.StudentItemProcessor         : Gemappt: Emmerich Woolham → 2122adf6-f175-4611-8a44-6b2dbce98ea8
2026-05-03T17:21:12.634+02:00 DEBUG 7548 --- [cTaskExecutor-4] d.f.t.batch.StudentItemProcessor         : Gemappt: Stanislaw Maseyk → 89390eaa-207f-4914-9a23-f6db039234bb
2026-05-03T17:21:12.634+02:00 DEBUG 7548 --- [cTaskExecutor-4] d.f.t.batch.StudentItemProcessor         : Gemappt: Loralie Ludye → b48f5afa-11be-449c-9fb0-2b786a486c63
2026-05-03T17:21:12.634+02:00 DEBUG 7548 --- [cTaskExecutor-4] d.f.t.batch.StudentItemProcessor         : Gemappt: Brenn O'Connell → b9244a14-0c0e-4628-841e-eaf7b87bf557
2026-05-03T17:21:12.634+02:00 DEBUG 7548 --- [cTaskExecutor-4] d.f.t.batch.StudentItemProcessor         : Gemappt: Emmerich Epperson → 6e4adaa5-a89c-4e84-a3d1-31932d0f29a8
2026-05-03T17:21:12.634+02:00 DEBUG 7548 --- [cTaskExecutor-4] d.f.t.batch.StudentItemProcessor         : Gemappt: Caz Jermyn → b5efc5b0-8957-4698-af07-18bd297cea61
2026-05-03T17:21:12.635+02:00 DEBUG 7548 --- [cTaskExecutor-4] d.f.t.batch.StudentItemProcessor         : Gemappt: Allys Humberstone → d76cbe8e-ecf9-4d76-9cfe-070b270f8754
2026-05-03T17:21:12.635+02:00 DEBUG 7548 --- [cTaskExecutor-4] d.f.t.batch.StudentItemProcessor         : Gemappt: Des Palk → 30ba8797-f981-4837-82bb-11755419bcfd
2026-05-03T17:21:12.635+02:00 DEBUG 7548 --- [cTaskExecutor-4] d.f.t.batch.StudentItemProcessor         : Gemappt: Ali Brocket → d5390c6e-2fb6-4b6e-8539-069172ea2cb7
2026-05-03T17:21:12.635+02:00 DEBUG 7548 --- [cTaskExecutor-4] d.f.t.batch.StudentItemProcessor         : Gemappt: Gran McKinie → 4b17e3f2-ade6-4b7a-8572-1eca5751cf94
2026-05-03T17:21:12.635+02:00 DEBUG 7548 --- [cTaskExecutor-4] d.f.t.batch.StudentItemProcessor         : Gemappt: Milena Brack → 47a9a8bd-8d3e-4aa1-b0b7-e6adb602a98e
2026-05-03T17:21:12.635+02:00 DEBUG 7548 --- [cTaskExecutor-4] d.f.t.batch.StudentItemProcessor         : Gemappt: Billi Dewdeny → 906b56f7-9730-4201-99dc-0cfc7a9bfeb8
2026-05-03T17:21:12.635+02:00 DEBUG 7548 --- [cTaskExecutor-4] d.f.t.batch.StudentItemProcessor         : Gemappt: Corliss Neylan → 4a504c4e-62fe-415a-9229-281e8e87b450
2026-05-03T17:21:12.635+02:00 DEBUG 7548 --- [cTaskExecutor-4] d.f.t.batch.StudentItemProcessor         : Gemappt: Flin Merrison → 54d621d8-6b8e-4952-98fa-1f4cc475310d
2026-05-03T17:21:12.635+02:00 DEBUG 7548 --- [cTaskExecutor-4] d.f.t.batch.StudentItemProcessor         : Gemappt: Andreana Gouldstraw → e1d8be43-20f2-4bb6-b45a-a4d4b91c1a69
2026-05-03T17:21:12.635+02:00 DEBUG 7548 --- [cTaskExecutor-4] d.f.t.batch.StudentItemProcessor         : Gemappt: Kari Stangroom → 2c85ca39-22e5-4b30-9c21-7af783247809
2026-05-03T17:21:12.635+02:00 DEBUG 7548 --- [cTaskExecutor-4] d.f.t.batch.StudentItemProcessor         : Gemappt: Averil Sprulls → 684b3609-3472-4e83-9318-9162ff519a10
2026-05-03T17:21:12.635+02:00 DEBUG 7548 --- [cTaskExecutor-4] d.f.t.batch.StudentItemProcessor         : Gemappt: Ambur Chattoe → 70d2867b-0507-4614-965e-d8ffd832dce7
2026-05-03T17:21:12.635+02:00 DEBUG 7548 --- [cTaskExecutor-4] d.f.t.batch.StudentItemProcessor         : Gemappt: Tucky Jouanny → d7330d81-9058-4790-a396-721001a0c04f
2026-05-03T17:21:12.635+02:00 DEBUG 7548 --- [cTaskExecutor-4] d.f.t.batch.StudentItemProcessor         : Gemappt: Napoleon Haward → 0b7acfcc-a8c2-47ac-9137-40fcf6de0643
2026-05-03T17:21:12.635+02:00 DEBUG 7548 --- [cTaskExecutor-4] d.f.t.batch.StudentItemProcessor         : Gemappt: Caro Hartzogs → bf1b0b2a-25da-4a5b-85ad-b13d4f2d845b
2026-05-03T17:21:12.635+02:00 DEBUG 7548 --- [cTaskExecutor-4] d.f.t.batch.StudentItemProcessor         : Gemappt: Collie Marwick → 0ebda90c-50a4-4323-aa0b-09f1c7e787a7
2026-05-03T17:21:12.635+02:00 DEBUG 7548 --- [cTaskExecutor-4] d.f.t.batch.StudentItemProcessor         : Gemappt: Olenolin Casero → 25c3e9e2-aef9-458e-95ba-ca1bba6e908c
2026-05-03T17:21:12.635+02:00 DEBUG 7548 --- [cTaskExecutor-4] d.f.t.batch.StudentItemProcessor         : Gemappt: Salim Ballinger → 574eba99-0d8f-4157-bcfb-3e20632544e5
2026-05-03T17:21:12.635+02:00 DEBUG 7548 --- [cTaskExecutor-4] d.f.t.batch.StudentItemProcessor         : Gemappt: Federico Gally → 7a65b17c-6dc8-4651-9dc6-e42d1aa18b54
2026-05-03T17:21:12.635+02:00 DEBUG 7548 --- [cTaskExecutor-4] d.f.t.batch.StudentItemProcessor         : Gemappt: Gifford Gobell → e2eeab26-fd30-411b-ac68-e9126ef5b0d4
2026-05-03T17:21:12.635+02:00 DEBUG 7548 --- [cTaskExecutor-4] d.f.t.batch.StudentItemProcessor         : Gemappt: Conrade Chimenti → c6da0b3f-5ec8-4180-a04d-28ac043c8d4d
2026-05-03T17:21:12.635+02:00 DEBUG 7548 --- [cTaskExecutor-4] d.f.t.batch.StudentItemProcessor         : Gemappt: Lon Crippes → 0fd655bf-1835-4a36-ab29-120d1388c012
2026-05-03T17:21:12.634+02:00 DEBUG 7548 --- [cTaskExecutor-1] d.f.t.batch.StudentItemProcessor         : Gemappt: Tiffany Eleshenar → c8813bad-ac83-4e5c-bce3-ff5b409dd046
2026-05-03T17:21:12.637+02:00 DEBUG 7548 --- [cTaskExecutor-1] d.f.t.batch.StudentItemProcessor         : Gemappt: Bertram Standall → dad62ff5-e524-43aa-8e5b-8e32883133de
2026-05-03T17:21:12.637+02:00 DEBUG 7548 --- [cTaskExecutor-1] d.f.t.batch.StudentItemProcessor         : Gemappt: Ardath Cutcliffe → 974eafd3-75bb-487c-9f50-428537eb3577
2026-05-03T17:21:12.637+02:00 DEBUG 7548 --- [cTaskExecutor-1] d.f.t.batch.StudentItemProcessor         : Gemappt: Maddalena Badwick → af3a1dc3-a0f6-473a-bb63-9009b3dcaa75
2026-05-03T17:21:12.637+02:00 DEBUG 7548 --- [cTaskExecutor-1] d.f.t.batch.StudentItemProcessor         : Gemappt: Shem Walpole → b9d69953-3321-44c2-8a06-acd09c65cbd4
2026-05-03T17:21:12.637+02:00 DEBUG 7548 --- [cTaskExecutor-1] d.f.t.batch.StudentItemProcessor         : Gemappt: Field Lewer → 377d11ab-a99e-4bad-89c9-3956abf3e444
2026-05-03T17:21:12.637+02:00 DEBUG 7548 --- [cTaskExecutor-1] d.f.t.batch.StudentItemProcessor         : Gemappt: Germain Drayn → f2140c6f-4a6c-443c-9472-ab89e5cdcf5d
2026-05-03T17:21:12.637+02:00 DEBUG 7548 --- [cTaskExecutor-1] d.f.t.batch.StudentItemProcessor         : Gemappt: Cassie Scrowby → eb5297d6-ef12-43a0-bc80-66160a5c6206
2026-05-03T17:21:12.638+02:00 DEBUG 7548 --- [cTaskExecutor-1] d.f.t.batch.StudentItemProcessor         : Gemappt: Janey Whyteman → 29fb9a53-94dd-4d15-a5c5-04db94f0459c
2026-05-03T17:21:12.638+02:00 DEBUG 7548 --- [cTaskExecutor-1] d.f.t.batch.StudentItemProcessor         : Gemappt: Michale Tubby → 1f918692-91ef-495d-8384-481d5ee50521
2026-05-03T17:21:12.638+02:00 DEBUG 7548 --- [cTaskExecutor-1] d.f.t.batch.StudentItemProcessor         : Gemappt: Weston Molian → ab8b908d-3509-461a-b86c-0da354d87dbf
2026-05-03T17:21:12.638+02:00 DEBUG 7548 --- [cTaskExecutor-1] d.f.t.batch.StudentItemProcessor         : Gemappt: Adela Rowett → 75052cbc-8a73-4665-9939-102e992f3ffa
2026-05-03T17:21:12.638+02:00 DEBUG 7548 --- [cTaskExecutor-1] d.f.t.batch.StudentItemProcessor         : Gemappt: Armin Galea → 5a2c0d16-a58e-4e76-a9f6-340db121fe84
2026-05-03T17:21:12.638+02:00 DEBUG 7548 --- [cTaskExecutor-1] d.f.t.batch.StudentItemProcessor         : Gemappt: Jolynn Keays → c5633478-9176-4a25-87bc-287205a935d1
2026-05-03T17:21:12.638+02:00 DEBUG 7548 --- [cTaskExecutor-1] d.f.t.batch.StudentItemProcessor         : Gemappt: Paulina Terbruggen → 922984d1-070c-4dd0-9bbc-0e93f4d7a342
2026-05-03T17:21:12.638+02:00 DEBUG 7548 --- [cTaskExecutor-1] d.f.t.batch.StudentItemProcessor         : Gemappt: Britt Rozenbaum → d6bf4744-e13d-49e0-b7a0-a56e0d4a0e09
2026-05-03T17:21:12.638+02:00 DEBUG 7548 --- [cTaskExecutor-1] d.f.t.batch.StudentItemProcessor         : Gemappt: Lynde Stocken → d5a9786e-77fc-44d4-8155-9988ed2547c5
2026-05-03T17:21:12.639+02:00 DEBUG 7548 --- [cTaskExecutor-1] d.f.t.batch.StudentItemProcessor         : Gemappt: Daphene McCloud → 24233104-b567-47cc-ac5c-863584028481
2026-05-03T17:21:12.639+02:00 DEBUG 7548 --- [cTaskExecutor-1] d.f.t.batch.StudentItemProcessor         : Gemappt: Clevey Helkin → 6a960cd5-f795-4940-a7aa-376bf27efb4c
2026-05-03T17:21:12.639+02:00 DEBUG 7548 --- [cTaskExecutor-1] d.f.t.batch.StudentItemProcessor         : Gemappt: Anneliese Rosedale → 55c3fa3b-ab48-4765-9325-4ced4871b317
2026-05-03T17:21:12.639+02:00 DEBUG 7548 --- [cTaskExecutor-1] d.f.t.batch.StudentItemProcessor         : Gemappt: Lucien Preto → 25be91aa-61d6-4800-bed3-dc0734e0a343
2026-05-03T17:21:12.639+02:00 DEBUG 7548 --- [cTaskExecutor-1] d.f.t.batch.StudentItemProcessor         : Gemappt: Anstice Rudwell → ad6e8ecf-a1d4-40e4-bb63-77edd1cf062e
2026-05-03T17:21:12.639+02:00 DEBUG 7548 --- [cTaskExecutor-1] d.f.t.batch.StudentItemProcessor         : Gemappt: Gilberto Lindfors → 59bb1f5e-ca66-46d5-8359-e13ec080c2d0
2026-05-03T17:21:12.639+02:00 DEBUG 7548 --- [cTaskExecutor-1] d.f.t.batch.StudentItemProcessor         : Gemappt: Juan Bonellie → 040ee187-a36e-4570-aa7b-081ec0e9d7e0
2026-05-03T17:21:12.652+02:00 DEBUG 7548 --- [cTaskExecutor-2] d.f.t.batch.StudentItemProcessor         : Gemappt: Devondra Dolbey → aff80fe0-6011-4861-a795-db1e7a9342ef
2026-05-03T17:21:12.653+02:00 DEBUG 7548 --- [cTaskExecutor-2] d.f.t.batch.StudentItemProcessor         : Gemappt: Joelle McCaskell → 629b9e0e-19a9-41e2-ad91-87ee7230b380
2026-05-03T17:21:12.653+02:00 DEBUG 7548 --- [cTaskExecutor-2] d.f.t.batch.StudentItemProcessor         : Gemappt: Wynn Farfalameev → 7d9544e6-05b2-471f-9c3d-17026f7c0b31
2026-05-03T17:21:12.653+02:00 DEBUG 7548 --- [cTaskExecutor-2] d.f.t.batch.StudentItemProcessor         : Gemappt: Sella Bartlomiejczyk → 53b125bd-13c0-481e-abe8-c9c7f0d50a4c
2026-05-03T17:21:12.653+02:00 DEBUG 7548 --- [cTaskExecutor-2] d.f.t.batch.StudentItemProcessor         : Gemappt: Archy Heak → bc414ef8-04d8-473d-9648-e7511aad8720
2026-05-03T17:21:12.653+02:00 DEBUG 7548 --- [cTaskExecutor-2] d.f.t.batch.StudentItemProcessor         : Gemappt: Rich Hugueville → 4d69bb8a-aa05-4378-8998-35d52b867a63
2026-05-03T17:21:12.653+02:00 DEBUG 7548 --- [cTaskExecutor-2] d.f.t.batch.StudentItemProcessor         : Gemappt: Georgy Dawson → 1fb0eac1-bfab-45dc-946b-27bdb35eda0e
2026-05-03T17:21:12.653+02:00 DEBUG 7548 --- [cTaskExecutor-2] d.f.t.batch.StudentItemProcessor         : Gemappt: Cleve Fairnington → 52ad9b20-f0da-4e19-83eb-b65072737e81
2026-05-03T17:21:12.653+02:00 DEBUG 7548 --- [cTaskExecutor-2] d.f.t.batch.StudentItemProcessor         : Gemappt: Albert Kettow → 1bf880f7-f592-4b98-8948-36ba59e59292
2026-05-03T17:21:12.653+02:00 DEBUG 7548 --- [cTaskExecutor-2] d.f.t.batch.StudentItemProcessor         : Gemappt: Sergent Doding → 8395367b-b74d-4dce-aadf-659d9f128144
2026-05-03T17:21:12.653+02:00 DEBUG 7548 --- [cTaskExecutor-2] d.f.t.batch.StudentItemProcessor         : Gemappt: Lucias Staddart → 6bcb4608-6601-4fa9-b409-cbbe09ea5428
2026-05-03T17:21:12.653+02:00 DEBUG 7548 --- [cTaskExecutor-2] d.f.t.batch.StudentItemProcessor         : Gemappt: Christabel Croote → d523b61d-de11-4026-9bbb-44dc8c518664
2026-05-03T17:21:12.653+02:00 DEBUG 7548 --- [cTaskExecutor-2] d.f.t.batch.StudentItemProcessor         : Gemappt: Marve Blowfield → 5b6ef984-1612-4399-a3c4-ddce301f7f17
2026-05-03T17:21:12.653+02:00 DEBUG 7548 --- [cTaskExecutor-2] d.f.t.batch.StudentItemProcessor         : Gemappt: Norrie Zimmerman → e6cd1ea4-5ed6-49bd-93d6-992af46c98de
2026-05-03T17:21:12.653+02:00 DEBUG 7548 --- [cTaskExecutor-2] d.f.t.batch.StudentItemProcessor         : Gemappt: Hervey Sellars → 02f6f31e-ba84-4083-a506-666512086135
2026-05-03T17:21:12.653+02:00 DEBUG 7548 --- [cTaskExecutor-2] d.f.t.batch.StudentItemProcessor         : Gemappt: Laryssa Grandisson → 50a9484f-1e1e-463d-a59d-b425322feafc
2026-05-03T17:21:12.653+02:00 DEBUG 7548 --- [cTaskExecutor-2] d.f.t.batch.StudentItemProcessor         : Gemappt: Amanda Thurley → 60ec47ef-3965-4221-b413-d49e7d4c8d31
2026-05-03T17:21:12.653+02:00 DEBUG 7548 --- [cTaskExecutor-2] d.f.t.batch.StudentItemProcessor         : Gemappt: Marnie Darkin → 66662d7d-ee41-4c74-b1c2-c4f10ee71629
2026-05-03T17:21:12.653+02:00 DEBUG 7548 --- [cTaskExecutor-2] d.f.t.batch.StudentItemProcessor         : Gemappt: Minnaminnie Duns → f04c8b45-c766-48dd-8c49-d15f38353651
2026-05-03T17:21:12.653+02:00 DEBUG 7548 --- [cTaskExecutor-2] d.f.t.batch.StudentItemProcessor         : Gemappt: Andrus Balazot → bbab73a5-6e68-4b57-a7a0-76860eceac73
2026-05-03T17:21:12.653+02:00 DEBUG 7548 --- [cTaskExecutor-2] d.f.t.batch.StudentItemProcessor         : Gemappt: Ritchie Ewer → 8e2f1f44-000d-4832-a689-519cab752e44
2026-05-03T17:21:12.653+02:00 DEBUG 7548 --- [cTaskExecutor-2] d.f.t.batch.StudentItemProcessor         : Gemappt: Reinald Furlonge → c16818a7-b92f-4bc0-9578-c5f084d9160d
2026-05-03T17:21:12.653+02:00 DEBUG 7548 --- [cTaskExecutor-2] d.f.t.batch.StudentItemProcessor         : Gemappt: Luciana Tanner → 09b4632f-969e-4fe4-a7ae-dd1e27c8db23
2026-05-03T17:21:12.653+02:00 DEBUG 7548 --- [cTaskExecutor-2] d.f.t.batch.StudentItemProcessor         : Gemappt: Dulcine Waeland → 4ba2ee1e-2bee-424b-874a-546766d5da85
2026-05-03T17:21:12.654+02:00 DEBUG 7548 --- [cTaskExecutor-2] d.f.t.batch.StudentItemProcessor         : Gemappt: Garv Zannuto → 773c3d93-14d7-4d59-a763-07b5c46b65b0
2026-05-03T17:21:12.655+02:00 DEBUG 7548 --- [cTaskExecutor-2] d.f.t.batch.StudentItemProcessor         : Gemappt: Ignacio Larmett → 09dccdc4-1d58-4073-a2a8-5fc8bb90dd8c
2026-05-03T17:21:12.655+02:00 DEBUG 7548 --- [cTaskExecutor-2] d.f.t.batch.StudentItemProcessor         : Gemappt: Duffy Lyosik → be9077ae-72ba-4db0-a621-f1c9bd53726a
2026-05-03T17:21:12.655+02:00 DEBUG 7548 --- [cTaskExecutor-2] d.f.t.batch.StudentItemProcessor         : Gemappt: Spence McCulloch → e4b24a38-eaff-4488-b52c-9978bc644645
2026-05-03T17:21:12.655+02:00 DEBUG 7548 --- [cTaskExecutor-2] d.f.t.batch.StudentItemProcessor         : Gemappt: Atalanta Maffioni → f4cc4916-80ae-4a58-bcc3-e152b11028a2
2026-05-03T17:21:12.655+02:00 DEBUG 7548 --- [cTaskExecutor-2] d.f.t.batch.StudentItemProcessor         : Gemappt: Marieann Alders → 702dbd90-7060-426f-8aa5-530c4c24ef80
2026-05-03T17:21:12.655+02:00 DEBUG 7548 --- [cTaskExecutor-2] d.f.t.batch.StudentItemProcessor         : Gemappt: Winfred Teliga → 104d4791-5226-43b5-a332-c61a68d94675
2026-05-03T17:21:12.655+02:00 DEBUG 7548 --- [cTaskExecutor-2] d.f.t.batch.StudentItemProcessor         : Gemappt: Yolanthe MacRinn → aab55549-cd7d-4a40-9b9d-2dd28d0119e0
2026-05-03T17:21:12.655+02:00 DEBUG 7548 --- [cTaskExecutor-2] d.f.t.batch.StudentItemProcessor         : Gemappt: Myrna Jacobs → 25eb7615-5df2-424f-828d-c2a67fd7cfbd
2026-05-03T17:21:12.655+02:00 DEBUG 7548 --- [cTaskExecutor-2] d.f.t.batch.StudentItemProcessor         : Gemappt: Gilbert Baudains → ca0ee1bc-025a-4775-a608-654cb46a40c7
2026-05-03T17:21:12.655+02:00 DEBUG 7548 --- [cTaskExecutor-2] d.f.t.batch.StudentItemProcessor         : Gemappt: Raphaela Spawforth → 4b1faf45-edb1-4200-a5a4-385033b221d2
2026-05-03T17:21:12.655+02:00 DEBUG 7548 --- [cTaskExecutor-2] d.f.t.batch.StudentItemProcessor         : Gemappt: Inesita Feye → c0e27c9c-19ba-4d53-87ad-4a4358e801bb
2026-05-03T17:21:12.656+02:00 DEBUG 7548 --- [cTaskExecutor-2] d.f.t.batch.StudentItemProcessor         : Gemappt: Amitie Meneely → cd8d4dc9-e478-42a4-96e6-0b1281403a41
2026-05-03T17:21:12.656+02:00 DEBUG 7548 --- [cTaskExecutor-2] d.f.t.batch.StudentItemProcessor         : Gemappt: Bill Batstone → a6aafcea-512a-4250-b18e-7c0898899123
2026-05-03T17:21:12.656+02:00 DEBUG 7548 --- [cTaskExecutor-2] d.f.t.batch.StudentItemProcessor         : Gemappt: Gonzales Hayth → 2bbe3888-3b4d-4598-bb18-e9273368eaba
2026-05-03T17:21:12.656+02:00 DEBUG 7548 --- [cTaskExecutor-2] d.f.t.batch.StudentItemProcessor         : Gemappt: Polly Swigger → 301f5fcd-f891-4b0e-b675-092ac59a38e8
2026-05-03T17:21:12.656+02:00 DEBUG 7548 --- [cTaskExecutor-2] d.f.t.batch.StudentItemProcessor         : Gemappt: Pauline Senner → 6b07e458-89b5-4326-ad43-e545bb9be24e
2026-05-03T17:21:12.656+02:00 DEBUG 7548 --- [cTaskExecutor-2] d.f.t.batch.StudentItemProcessor         : Gemappt: Elset Athelstan → 83c2aacf-a5eb-424c-acd2-61a64231aa7f
2026-05-03T17:21:12.656+02:00 DEBUG 7548 --- [cTaskExecutor-2] d.f.t.batch.StudentItemProcessor         : Gemappt: Irma Jordon → 7acbc062-7ed3-497d-857c-e6da112e6cf7
2026-05-03T17:21:12.656+02:00 DEBUG 7548 --- [cTaskExecutor-2] d.f.t.batch.StudentItemProcessor         : Gemappt: Averill Adderson → 6def57b6-985a-4bc2-bcd8-a872bdcd7645
2026-05-03T17:21:12.656+02:00 DEBUG 7548 --- [cTaskExecutor-2] d.f.t.batch.StudentItemProcessor         : Gemappt: Travers Worsall → f374b6de-0e79-40aa-9370-34c7abe7f9aa
2026-05-03T17:21:12.656+02:00 DEBUG 7548 --- [cTaskExecutor-2] d.f.t.batch.StudentItemProcessor         : Gemappt: Lyell Winslade → 6b750a55-533b-4f16-991d-0a7ed7820ef3
2026-05-03T17:21:12.656+02:00 DEBUG 7548 --- [cTaskExecutor-2] d.f.t.batch.StudentItemProcessor         : Gemappt: Siouxie Flaubert → 2f5b8647-564f-4002-aec8-ba96f9ea5649
2026-05-03T17:21:12.656+02:00 DEBUG 7548 --- [cTaskExecutor-2] d.f.t.batch.StudentItemProcessor         : Gemappt: Brandais Littrell → 71b67287-2a0f-43ee-85e0-03aece9d1e44
2026-05-03T17:21:12.656+02:00 DEBUG 7548 --- [cTaskExecutor-2] d.f.t.batch.StudentItemProcessor         : Gemappt: Sharline Aleksandrev → 2893c764-3fa8-4f0f-bcfe-74a079891f9a
2026-05-03T17:21:12.656+02:00 DEBUG 7548 --- [cTaskExecutor-2] d.f.t.batch.StudentItemProcessor         : Gemappt: Zelma Stinchcombe → 3339d89b-cb71-4811-ac9e-75e0a318d3fb
2026-05-03T17:21:12.656+02:00 DEBUG 7548 --- [cTaskExecutor-3] d.f.t.batch.StudentItemProcessor         : Gemappt: Raynard Elloy → 36540765-5923-488f-82ef-a1f8e95f13dd
[...]
2026-05-03T17:21:13.527+02:00 DEBUG 7548 --- [TaskExecutor-11] d.f.t.batch.StudentItemProcessor         : Gemappt: Jeniffer Allderidge → 93fab452-752b-4b06-a474-869fdb12504c
2026-05-03T17:21:13.527+02:00 DEBUG 7548 --- [cTaskExecutor-9] d.f.t.batch.StudentItemProcessor         : Gemappt: Lynde Walisiak → 0b2287b8-1498-4eac-9f7d-560e1cbb9d53
2026-05-03T17:21:13.527+02:00 DEBUG 7548 --- [cTaskExecutor-9] d.f.t.batch.StudentItemProcessor         : Gemappt: Pris Whitehorne → c07e275c-11f6-408e-a215-3c3664518780
2026-05-03T17:21:13.527+02:00 DEBUG 7548 --- [cTaskExecutor-9] d.f.t.batch.StudentItemProcessor         : Gemappt: Had Bishell → 6a6e205d-3641-49ef-9c66-7d595fb70d0e
2026-05-03T17:21:13.527+02:00 DEBUG 7548 --- [cTaskExecutor-9] d.f.t.batch.StudentItemProcessor         : Gemappt: Aridatha Gibbieson → f485f85c-849e-49ba-ac34-581f7358944d
2026-05-03T17:21:13.527+02:00 DEBUG 7548 --- [cTaskExecutor-9] d.f.t.batch.StudentItemProcessor         : Gemappt: Kissie Tremaine → 69b71d50-0977-447e-a06c-0982b0762c5c
2026-05-03T17:21:13.538+02:00 DEBUG 7548 --- [TaskExecutor-12] d.f.t.batch.StudentItemProcessor         : Gemappt: Leelah Giberd → 93c049e4-384e-4ae9-98be-0c9d1ed483ca
2026-05-03T17:21:13.538+02:00 DEBUG 7548 --- [TaskExecutor-12] d.f.t.batch.StudentItemProcessor         : Gemappt: Cal Hymers → 0cdad5cb-e346-44ba-8ab7-9117f194cd40
2026-05-03T17:21:13.538+02:00 DEBUG 7548 --- [TaskExecutor-12] d.f.t.batch.StudentItemProcessor         : Gemappt: Sibelle Laver → b315521c-bf01-4753-949b-799ad8256bc0
2026-05-03T17:21:13.538+02:00 DEBUG 7548 --- [TaskExecutor-12] d.f.t.batch.StudentItemProcessor         : Gemappt: Gannon Rowaszkiewicz → 96258943-a58d-4b73-b04d-dd3d05c46493
2026-05-03T17:21:13.538+02:00 DEBUG 7548 --- [TaskExecutor-12] d.f.t.batch.StudentItemProcessor         : Gemappt: Ardelia Montier → 7ccfef62-2eee-4807-a786-b352ecfd9624
2026-05-03T17:21:13.538+02:00 DEBUG 7548 --- [TaskExecutor-12] d.f.t.batch.StudentItemProcessor         : Gemappt: Chico Pavinese → 16d874f3-9eb3-49ac-9f9e-3f33a5cbd79b
2026-05-03T17:21:13.538+02:00 DEBUG 7548 --- [TaskExecutor-12] d.f.t.batch.StudentItemProcessor         : Gemappt: Cassie Ashbey → 69259653-fa47-4a96-9ec9-0ff0c875771d
2026-05-03T17:21:13.538+02:00 DEBUG 7548 --- [TaskExecutor-12] d.f.t.batch.StudentItemProcessor         : Gemappt: Lindie Roughsedge → 970ec033-45ea-4078-b184-02f6577fde2d
2026-05-03T17:21:13.538+02:00 DEBUG 7548 --- [TaskExecutor-12] d.f.t.batch.StudentItemProcessor         : Gemappt: Stanislas Billingham → 4bab608f-e2c8-458d-bf41-93aad52d13cf
2026-05-03T17:21:13.538+02:00 DEBUG 7548 --- [TaskExecutor-12] d.f.t.batch.StudentItemProcessor         : Gemappt: Tomaso Farrans → 441a978f-b256-4b56-821b-f442548911b8
2026-05-03T17:21:13.538+02:00 DEBUG 7548 --- [TaskExecutor-12] d.f.t.batch.StudentItemProcessor         : Gemappt: Dorise Kilday → ee592b4f-22d5-4de0-b6d3-bf4a948076cd
2026-05-03T17:21:13.538+02:00 DEBUG 7548 --- [TaskExecutor-12] d.f.t.batch.StudentItemProcessor         : Gemappt: Alvinia Pyett → 09cf9945-3100-49b4-b910-ea1d3bfd7c60
2026-05-03T17:21:13.538+02:00 DEBUG 7548 --- [TaskExecutor-12] d.f.t.batch.StudentItemProcessor         : Gemappt: Towny Olyfant → 4e415b7c-e79c-488c-972a-1dd2b4827e4d
2026-05-03T17:21:13.538+02:00 DEBUG 7548 --- [TaskExecutor-12] d.f.t.batch.StudentItemProcessor         : Gemappt: Tiebout Gillett → 331e69b0-4426-454b-99c1-485ad708f2a5
2026-05-03T17:21:13.538+02:00 DEBUG 7548 --- [TaskExecutor-12] d.f.t.batch.StudentItemProcessor         : Gemappt: Lammond Adds → 24547118-8131-44e9-bb3e-af70d9f9d975
2026-05-03T17:21:13.539+02:00 DEBUG 7548 --- [TaskExecutor-12] d.f.t.batch.StudentItemProcessor         : Gemappt: Tildie Bohea → bf3c7d88-9892-4cd6-a669-2c91c59b1710
2026-05-03T17:21:13.539+02:00 DEBUG 7548 --- [TaskExecutor-12] d.f.t.batch.StudentItemProcessor         : Gemappt: Laney Hugh → d648b19e-0409-4a32-a0af-bcead1238e68
2026-05-03T17:21:13.539+02:00 DEBUG 7548 --- [TaskExecutor-12] d.f.t.batch.StudentItemProcessor         : Gemappt: Garnet Whorlow → dd4f50f5-8e88-4e20-a2ec-790cf12a677b
2026-05-03T17:21:13.539+02:00 DEBUG 7548 --- [TaskExecutor-12] d.f.t.batch.StudentItemProcessor         : Gemappt: Ariella Colls → a6e0d90d-1f30-4acd-8140-179dce654690
2026-05-03T17:21:13.539+02:00 DEBUG 7548 --- [TaskExecutor-12] d.f.t.batch.StudentItemProcessor         : Gemappt: Gib Kemmer → 6451d956-e745-4edf-8bb6-8534900b26fc
2026-05-03T17:21:13.539+02:00 DEBUG 7548 --- [TaskExecutor-12] d.f.t.batch.StudentItemProcessor         : Gemappt: Darsey Fusco → 37825796-6908-4025-925e-863abaed062e
2026-05-03T17:21:13.539+02:00 DEBUG 7548 --- [TaskExecutor-12] d.f.t.batch.StudentItemProcessor         : Gemappt: Munroe Askell → 4d82bec5-4277-4338-b816-fef8d5ec6e56
2026-05-03T17:21:13.539+02:00 DEBUG 7548 --- [TaskExecutor-12] d.f.t.batch.StudentItemProcessor         : Gemappt: Baxy Boarder → c1a297ff-cd5d-404b-ab29-0c72446848a1
2026-05-03T17:21:13.539+02:00 DEBUG 7548 --- [TaskExecutor-12] d.f.t.batch.StudentItemProcessor         : Gemappt: Chloris Eade → 168f5fb9-1f0c-4870-99f6-3a8d12d9771c
2026-05-03T17:21:13.539+02:00 DEBUG 7548 --- [TaskExecutor-12] d.f.t.batch.StudentItemProcessor         : Gemappt: Jonie Ofield → 765dcf93-3585-4a2d-b431-beec9621ce78
2026-05-03T17:21:13.539+02:00 DEBUG 7548 --- [TaskExecutor-12] d.f.t.batch.StudentItemProcessor         : Gemappt: Hermione Whaplington → 8cc1d280-d615-48e2-9115-2786e295a92c
2026-05-03T17:21:13.539+02:00  INFO 7548 --- [TaskExecutor-11] o.s.batch.core.step.AbstractStep         : Step: [workerStep:partition3] executed in 89ms
2026-05-03T17:21:13.539+02:00 DEBUG 7548 --- [TaskExecutor-12] d.f.t.batch.StudentItemProcessor         : Gemappt: Kippy Galbraith → 2aff8423-a3d2-4560-b229-8767e03a7309
2026-05-03T17:21:13.539+02:00 DEBUG 7548 --- [TaskExecutor-12] d.f.t.batch.StudentItemProcessor         : Gemappt: Rivy Shitliff → 3ea1cf27-a925-4c40-94eb-51feb8102493
2026-05-03T17:21:13.539+02:00 DEBUG 7548 --- [TaskExecutor-12] d.f.t.batch.StudentItemProcessor         : Gemappt: Rebbecca Lages → 3aed8c8d-604d-4ab7-8b1a-1707665e16eb
2026-05-03T17:21:13.539+02:00 DEBUG 7548 --- [TaskExecutor-12] d.f.t.batch.StudentItemProcessor         : Gemappt: Dicky Elgee → 3f155fc7-9c31-4b01-aeab-47c1046a3d9e
2026-05-03T17:21:13.539+02:00 DEBUG 7548 --- [TaskExecutor-12] d.f.t.batch.StudentItemProcessor         : Gemappt: Sigfried Peascod → 3f4aae2e-d731-4dba-beab-4a9670f95cdb
2026-05-03T17:21:13.540+02:00 DEBUG 7548 --- [TaskExecutor-12] d.f.t.batch.StudentItemProcessor         : Gemappt: Estrella Tinton → c7440a3d-6c64-4870-af71-be88e25c9404
2026-05-03T17:21:13.540+02:00 DEBUG 7548 --- [TaskExecutor-12] d.f.t.batch.StudentItemProcessor         : Gemappt: Gertrude Trehearn → 18e92f1d-4b56-4d71-9450-aa0ca9d0b8f3
2026-05-03T17:21:13.540+02:00 DEBUG 7548 --- [TaskExecutor-12] d.f.t.batch.StudentItemProcessor         : Gemappt: Kitti Burger → aad22dbe-989e-4498-91a3-365fae080e4d
2026-05-03T17:21:13.540+02:00 DEBUG 7548 --- [TaskExecutor-12] d.f.t.batch.StudentItemProcessor         : Gemappt: Friederike Jeannet → 498f7750-1155-4be6-9244-48b631c923e8
2026-05-03T17:21:13.540+02:00 DEBUG 7548 --- [TaskExecutor-12] d.f.t.batch.StudentItemProcessor         : Gemappt: Charyl Habbes → d690515f-7511-4b72-b211-deac4c0cdbfb
2026-05-03T17:21:13.540+02:00 DEBUG 7548 --- [cTaskExecutor-9] d.f.t.batch.StudentItemProcessor         : Gemappt: Carolyne Ferraraccio → a5e4e8b0-82b1-4322-a191-7c108b50a48c
2026-05-03T17:21:13.540+02:00 DEBUG 7548 --- [TaskExecutor-12] d.f.t.batch.StudentItemProcessor         : Gemappt: Andros Godard → e7967eff-1cbd-4c0e-96a1-783514772fa4
2026-05-03T17:21:13.540+02:00 DEBUG 7548 --- [cTaskExecutor-9] d.f.t.batch.StudentItemProcessor         : Gemappt: Art De Blasi → 790be32a-f622-49b3-aa52-d46174fb4413
2026-05-03T17:21:13.540+02:00 DEBUG 7548 --- [cTaskExecutor-9] d.f.t.batch.StudentItemProcessor         : Gemappt: Larine Zapatero → b0007d6d-8db9-4aad-863e-00ec6c8d8e2c
2026-05-03T17:21:13.540+02:00 DEBUG 7548 --- [cTaskExecutor-9] d.f.t.batch.StudentItemProcessor         : Gemappt: Becka Bagworth → 2121bff8-c842-489e-aaa3-2ead0da5ce85
2026-05-03T17:21:13.540+02:00 DEBUG 7548 --- [cTaskExecutor-9] d.f.t.batch.StudentItemProcessor         : Gemappt: Kareem Duffer → 29eb9959-bbd4-400e-abcb-448b100fc74d
2026-05-03T17:21:13.540+02:00 DEBUG 7548 --- [cTaskExecutor-9] d.f.t.batch.StudentItemProcessor         : Gemappt: Parke McIlherran → 1b845096-5e20-4eba-93d4-09ec50d07648
2026-05-03T17:21:13.540+02:00 DEBUG 7548 --- [cTaskExecutor-9] d.f.t.batch.StudentItemProcessor         : Gemappt: Kori Melsome → 1d8b3c5b-588b-475c-b4d9-58e0cdea9ade
2026-05-03T17:21:13.540+02:00 DEBUG 7548 --- [cTaskExecutor-9] d.f.t.batch.StudentItemProcessor         : Gemappt: Fritz Megahey → 83e9990d-a005-4aaa-b58f-c5baf8be4bd4
2026-05-03T17:21:13.540+02:00 DEBUG 7548 --- [cTaskExecutor-9] d.f.t.batch.StudentItemProcessor         : Gemappt: Reagan Bonnick → 996274ad-6378-4187-a058-1f003a399ae3
2026-05-03T17:21:13.540+02:00 DEBUG 7548 --- [cTaskExecutor-9] d.f.t.batch.StudentItemProcessor         : Gemappt: Willabella Raddish → 15fe82f0-6faf-4e2e-af2e-98f50beaf2bd
2026-05-03T17:21:13.540+02:00 DEBUG 7548 --- [cTaskExecutor-9] d.f.t.batch.StudentItemProcessor         : Gemappt: Corbin Linay → 4268dc8a-e69f-4bd5-accc-b1b32f4d8266
2026-05-03T17:21:13.540+02:00 DEBUG 7548 --- [cTaskExecutor-9] d.f.t.batch.StudentItemProcessor         : Gemappt: Heidie Daintry → 11b0171a-f7f9-489b-be55-86b15d84a4c5
2026-05-03T17:21:13.540+02:00 DEBUG 7548 --- [cTaskExecutor-9] d.f.t.batch.StudentItemProcessor         : Gemappt: Pebrook Harmes → f7de4848-14e1-42ce-8a5c-f0e150bbdbeb
2026-05-03T17:21:13.540+02:00 DEBUG 7548 --- [cTaskExecutor-9] d.f.t.batch.StudentItemProcessor         : Gemappt: Portia Padgett → 74fdeb3a-cb2b-402a-b161-33b66c46fdc7
2026-05-03T17:21:13.540+02:00 DEBUG 7548 --- [cTaskExecutor-9] d.f.t.batch.StudentItemProcessor         : Gemappt: Shaine Ceci → 8ef22dd8-3e95-46b3-87e0-165f73fba08e
2026-05-03T17:21:13.540+02:00 DEBUG 7548 --- [cTaskExecutor-9] d.f.t.batch.StudentItemProcessor         : Gemappt: Valaree Penwarden → 9aa6ef2e-1d19-4d5c-ba1e-d887a21d2507
2026-05-03T17:21:13.540+02:00 DEBUG 7548 --- [cTaskExecutor-9] d.f.t.batch.StudentItemProcessor         : Gemappt: Nat Bertot → fc077968-a17a-4c2a-a6fb-f941a75e6a97
2026-05-03T17:21:13.540+02:00 DEBUG 7548 --- [cTaskExecutor-9] d.f.t.batch.StudentItemProcessor         : Gemappt: Perry Cristobal → 5e2aa5cc-66fa-45bc-be76-2a515393d3de
2026-05-03T17:21:13.540+02:00 DEBUG 7548 --- [cTaskExecutor-9] d.f.t.batch.StudentItemProcessor         : Gemappt: Ludovika Glendzer → 49141566-28a9-4dde-9a50-7e0aa8c0807d
2026-05-03T17:21:13.540+02:00 DEBUG 7548 --- [cTaskExecutor-9] d.f.t.batch.StudentItemProcessor         : Gemappt: Ilysa Brimmacombe → f0791860-8c0b-40c5-a3b9-1b4e11117666
2026-05-03T17:21:13.540+02:00 DEBUG 7548 --- [cTaskExecutor-9] d.f.t.batch.StudentItemProcessor         : Gemappt: Francois Beverley → 312ab33c-2430-4270-b2e8-6a72303b6ee4
2026-05-03T17:21:13.540+02:00 DEBUG 7548 --- [cTaskExecutor-9] d.f.t.batch.StudentItemProcessor         : Gemappt: Cordie Emby → f230072e-762f-4534-a072-9e056df455db
2026-05-03T17:21:13.541+02:00 DEBUG 7548 --- [TaskExecutor-12] d.f.t.batch.StudentItemProcessor         : Gemappt: Bobbette Franchi → a68609ac-a70c-4852-a650-139476c9d7e6
2026-05-03T17:21:13.541+02:00 DEBUG 7548 --- [TaskExecutor-12] d.f.t.batch.StudentItemProcessor         : Gemappt: Vannie Newens → 2a364f80-5bbe-4b6e-b843-6455e4a70f77
2026-05-03T17:21:13.541+02:00 DEBUG 7548 --- [cTaskExecutor-9] d.f.t.batch.StudentItemProcessor         : Gemappt: Whitney Lampke → d924798e-4520-4618-9bea-d03f2398060f
2026-05-03T17:21:13.541+02:00 DEBUG 7548 --- [TaskExecutor-12] d.f.t.batch.StudentItemProcessor         : Gemappt: Otto Trever → 618d25d8-8fc5-44ae-bdc6-cbe2dc4017ac
2026-05-03T17:21:13.541+02:00 DEBUG 7548 --- [cTaskExecutor-9] d.f.t.batch.StudentItemProcessor         : Gemappt: Kailey Mundle → 6f2aeefa-357a-41df-a4c3-b9c5a6b4453b
2026-05-03T17:21:13.541+02:00 DEBUG 7548 --- [cTaskExecutor-9] d.f.t.batch.StudentItemProcessor         : Gemappt: Mar Van Dijk → 921b9b1b-526b-4f78-8d93-da39cc964d24
2026-05-03T17:21:13.541+02:00 DEBUG 7548 --- [cTaskExecutor-9] d.f.t.batch.StudentItemProcessor         : Gemappt: Rhoda Niland → c601eabe-32c4-4b73-9c3b-7890738e87b1
2026-05-03T17:21:13.541+02:00 DEBUG 7548 --- [cTaskExecutor-9] d.f.t.batch.StudentItemProcessor         : Gemappt: Maryrose Mitchall → fd12f739-7d7f-4741-ba2d-a13a52541eb1
2026-05-03T17:21:13.541+02:00 DEBUG 7548 --- [cTaskExecutor-9] d.f.t.batch.StudentItemProcessor         : Gemappt: Livy Tweede → b7150b6f-fc7b-45ee-a519-e540c0b36361
2026-05-03T17:21:13.541+02:00 DEBUG 7548 --- [cTaskExecutor-9] d.f.t.batch.StudentItemProcessor         : Gemappt: Robinet Brakewell → c2351032-f354-4abc-bb17-5980ba8b93c8
2026-05-03T17:21:13.541+02:00 DEBUG 7548 --- [cTaskExecutor-9] d.f.t.batch.StudentItemProcessor         : Gemappt: Harald Dimmick → af89a2ff-a328-46ab-944b-580b630a78f0
2026-05-03T17:21:13.541+02:00 DEBUG 7548 --- [cTaskExecutor-9] d.f.t.batch.StudentItemProcessor         : Gemappt: Arabele Feighney → 75bff7eb-8cb3-4936-8a40-700192ce343d
2026-05-03T17:21:13.541+02:00 DEBUG 7548 --- [cTaskExecutor-9] d.f.t.batch.StudentItemProcessor         : Gemappt: Agnesse Duckering → 11031a2e-a65c-4a0c-9181-8f6599b13aae
2026-05-03T17:21:13.541+02:00 DEBUG 7548 --- [TaskExecutor-12] d.f.t.batch.StudentItemProcessor         : Gemappt: Arley Wytchard → 5cfb8f23-4487-4b3c-ac67-acad0320fb1b
2026-05-03T17:21:13.541+02:00 DEBUG 7548 --- [TaskExecutor-12] d.f.t.batch.StudentItemProcessor         : Gemappt: Kora Rowena → 2065d37e-0b9f-4c3c-8eb3-e369449a98fb
2026-05-03T17:21:13.541+02:00 DEBUG 7548 --- [TaskExecutor-12] d.f.t.batch.StudentItemProcessor         : Gemappt: Annalee Weinmann → 77e85e1c-c214-4111-bbc7-5a84f3260328
2026-05-03T17:21:13.541+02:00 DEBUG 7548 --- [TaskExecutor-12] d.f.t.batch.StudentItemProcessor         : Gemappt: Wes McQuirk → cbda06c8-7b21-45d9-8057-ebdc925f24eb
2026-05-03T17:21:13.541+02:00 DEBUG 7548 --- [TaskExecutor-12] d.f.t.batch.StudentItemProcessor         : Gemappt: Vittorio Janusik → 1b3cec64-27b9-4aa8-aca5-7d2c017d0894
2026-05-03T17:21:13.541+02:00 DEBUG 7548 --- [TaskExecutor-12] d.f.t.batch.StudentItemProcessor         : Gemappt: Raye Arnauduc → fd693a77-1904-4838-bfd8-376b41e42767
2026-05-03T17:21:13.541+02:00 DEBUG 7548 --- [TaskExecutor-12] d.f.t.batch.StudentItemProcessor         : Gemappt: Clementia Nehls → 8b92f3c1-aaf0-41cc-89b8-a3f1a09f07ce
2026-05-03T17:21:13.541+02:00 DEBUG 7548 --- [TaskExecutor-12] d.f.t.batch.StudentItemProcessor         : Gemappt: Jessey Nussey → 43096969-5e5b-464b-bada-84226754144e
2026-05-03T17:21:13.541+02:00 DEBUG 7548 --- [TaskExecutor-12] d.f.t.batch.StudentItemProcessor         : Gemappt: Layton Caddell → 53beb4a6-6c73-4bec-bedc-9480030332a9
2026-05-03T17:21:13.541+02:00 DEBUG 7548 --- [TaskExecutor-12] d.f.t.batch.StudentItemProcessor         : Gemappt: Ethan Featherstonehaugh → 588aefcf-4393-40de-a18d-3f571b24e991
2026-05-03T17:21:13.541+02:00 DEBUG 7548 --- [cTaskExecutor-9] d.f.t.batch.StudentItemProcessor         : Gemappt: Catherin Coult → 8c81d086-70a9-4b7a-b22e-ef43d79d2dfd
2026-05-03T17:21:13.542+02:00 DEBUG 7548 --- [cTaskExecutor-9] d.f.t.batch.StudentItemProcessor         : Gemappt: Olvan Andreev → 281ff118-f57a-452f-9f32-e1980ba3bb16
2026-05-03T17:21:13.542+02:00 DEBUG 7548 --- [cTaskExecutor-9] d.f.t.batch.StudentItemProcessor         : Gemappt: Roslyn Benne → 6eb68b75-1239-452c-aa7b-fbd90fcc9a12
2026-05-03T17:21:13.542+02:00 DEBUG 7548 --- [cTaskExecutor-9] d.f.t.batch.StudentItemProcessor         : Gemappt: Kristofor Dunkley → 9900bea8-4fcf-4901-9ed9-906b50ca780b
2026-05-03T17:21:13.542+02:00 DEBUG 7548 --- [cTaskExecutor-9] d.f.t.batch.StudentItemProcessor         : Gemappt: Ginny Emor → 66975784-48ec-4130-88b6-c642156a775f
2026-05-03T17:21:13.542+02:00 DEBUG 7548 --- [cTaskExecutor-9] d.f.t.batch.StudentItemProcessor         : Gemappt: Thatch Dabels → 661fe54b-8930-4f4d-a5fa-5f420e6f17b1
2026-05-03T17:21:13.542+02:00 DEBUG 7548 --- [cTaskExecutor-9] d.f.t.batch.StudentItemProcessor         : Gemappt: Marjy Hunn → d97c57b6-3dc8-411d-9294-b0f393d53353
2026-05-03T17:21:13.542+02:00 DEBUG 7548 --- [cTaskExecutor-9] d.f.t.batch.StudentItemProcessor         : Gemappt: Harriet Franklyn → 79fce3fa-f7a2-47e2-a5c8-56c241a97e36
2026-05-03T17:21:13.542+02:00 DEBUG 7548 --- [cTaskExecutor-9] d.f.t.batch.StudentItemProcessor         : Gemappt: Austen Farherty → 171e57b2-c5cf-4813-93eb-5c243ceff124
2026-05-03T17:21:13.542+02:00 DEBUG 7548 --- [cTaskExecutor-9] d.f.t.batch.StudentItemProcessor         : Gemappt: Shannon Runacres → 98bd538b-c0e8-42b9-926b-8c99a391fb2b
2026-05-03T17:21:13.542+02:00 DEBUG 7548 --- [cTaskExecutor-9] d.f.t.batch.StudentItemProcessor         : Gemappt: Barr Alesin → eeac5eca-b96a-41e6-9cae-ed952cfd2f72
2026-05-03T17:21:13.542+02:00 DEBUG 7548 --- [cTaskExecutor-9] d.f.t.batch.StudentItemProcessor         : Gemappt: Sawyer Andree → 075913c5-8ba9-40e4-8972-948b00990dbc
2026-05-03T17:21:13.542+02:00 DEBUG 7548 --- [cTaskExecutor-9] d.f.t.batch.StudentItemProcessor         : Gemappt: Sylvester Bineham → 35877490-b206-49df-90c9-c06e997160a2
2026-05-03T17:21:13.542+02:00 DEBUG 7548 --- [cTaskExecutor-9] d.f.t.batch.StudentItemProcessor         : Gemappt: Loria Voce → 2016387e-8bdd-405d-83ad-fa88c56bfb07
2026-05-03T17:21:13.542+02:00 DEBUG 7548 --- [cTaskExecutor-9] d.f.t.batch.StudentItemProcessor         : Gemappt: Sibby Syder → ce885497-05ed-41d6-a59f-935ae4d83898
2026-05-03T17:21:13.542+02:00 DEBUG 7548 --- [cTaskExecutor-9] d.f.t.batch.StudentItemProcessor         : Gemappt: Marty Gages → a3560aef-91e0-473d-9d9f-294175382d8f
2026-05-03T17:21:13.542+02:00 DEBUG 7548 --- [cTaskExecutor-9] d.f.t.batch.StudentItemProcessor         : Gemappt: Mart Biswell → b0ad1205-6909-4274-ad1b-c619434b8cb8
2026-05-03T17:21:13.542+02:00 DEBUG 7548 --- [cTaskExecutor-9] d.f.t.batch.StudentItemProcessor         : Gemappt: Harriet Vautier → 4908bc2d-22ea-4d00-9f15-f40eb352ba1a
2026-05-03T17:21:13.546+02:00  INFO 7548 --- [cTaskExecutor-9] o.s.batch.core.step.AbstractStep         : Step: [workerStep:partition1] executed in 96ms
2026-05-03T17:21:13.548+02:00  INFO 7548 --- [TaskExecutor-12] o.s.batch.core.step.AbstractStep         : Step: [workerStep:partition2] executed in 98ms
2026-05-03T17:21:13.549+02:00  INFO 7548 --- [           main] o.s.batch.core.step.AbstractStep         : Step: [masterStep] executed in 102ms
2026-05-03T17:21:13.553+02:00  INFO 7548 --- [           main] o.s.batch.core.job.SimpleStepHandler     : Executing step: [cleanupStep]
2026-05-03T17:21:13.555+02:00 DEBUG 7548 --- [           main] d.f.t.batch.tasklet.CleanupTasklet       : Geloescht: chunk_1.csv
2026-05-03T17:21:13.557+02:00 DEBUG 7548 --- [           main] d.f.t.batch.tasklet.CleanupTasklet       : Geloescht: chunk_2.csv
2026-05-03T17:21:13.558+02:00 DEBUG 7548 --- [           main] d.f.t.batch.tasklet.CleanupTasklet       : Geloescht: chunk_3.csv
2026-05-03T17:21:13.559+02:00 DEBUG 7548 --- [           main] d.f.t.batch.tasklet.CleanupTasklet       : Geloescht: chunk_4.csv
2026-05-03T17:21:13.561+02:00  INFO 7548 --- [           main] d.f.t.batch.tasklet.CleanupTasklet       : Cleanup abgeschlossen: work/ geleert, students.csv nach processed/ verschoben
2026-05-03T17:21:13.562+02:00  INFO 7548 --- [           main] o.s.batch.core.step.AbstractStep         : Step: [cleanupStep] executed in 8ms
2026-05-03T17:21:13.565+02:00  INFO 7548 --- [           main] o.s.b.c.l.s.TaskExecutorJobLauncher      : Job: [SimpleJob: [name=partitionJob]] completed with the following parameters: [{'zeitpunkt':'{value=1777821673430, type=class java.lang.Long, identifying=true}'}] and the following status: [COMPLETED] in 130ms
]]></system-out>
  </testcase>
</testsuite>